2020-06-16 10:49:24,996 Calibration start
2020-06-16 10:49:24,999 Targets read and returned: [['3', '824', '3353', '3558', '1176', '-19.3', '86', '0', '0', '0', '0'], ['2', '1216', '3353', '3433', '784', '-13.2', '86', '0', '0', '0', '0'], ['1', '1608', '3353', '3360', '392', '-6.7', '86', '0', '0', '0', '0'], ['0', '2000', '3353', '3353', '0', '0', '86', '0', '0', '0', '0'], ['4', '2392', '3353', '3360', '392', '6.7', '86', '0', '0', '0', '0'], ['5', '2784', '3353', '3433', '784', '13.2', '86', '0', '0', '0', '0'], ['6', '3176', '3353', '3558', '1176', '19.3', '86', '0', '0', '0', '0']]
2020-06-16 10:49:25,002 Targets from csv file: [['3', '824', '3353', '3558', '1176', '-19.3', '86', '0', '0', '0', '0'], ['2', '1216', '3353', '3433', '784', '-13.2', '86', '0', '0', '0', '0'], ['1', '1608', '3353', '3360', '392', '-6.7', '86', '0', '0', '0', '0'], ['0', '2000', '3353', '3353', '0', '0', '86', '0', '0', '0', '0'], ['4', '2392', '3353', '3360', '392', '6.7', '86', '0', '0', '0', '0'], ['5', '2784', '3353', '3433', '784', '13.2', '86', '0', '0', '0', '0'], ['6', '3176', '3353', '3558', '1176', '19.3', '86', '0', '0', '0', '0']]
2020-06-16 10:49:27,573 File name: /home/pi/RPi-Ardunio/calibration20200616-104927.jpg
2020-06-16 10:49:27,579 Calibration image file: /home/pi/RPi-Ardunio/calibration20200616-104927.jpg
2020-06-16 10:49:28,212 Fiducial target object height and range: 32, 3615.7664233576643
2020-06-16 10:49:28,213 Detected tags added to list: [['3', '824', '3353', '3558', '1176', '-19.3', '86', '0', '0', '0', '0'], ['2', '1216', '3353', '3433', '784', '-13.2', '86', '0', '0', '0', '0'], ['1', '1608', '3353', '3360', '392', '-6.7', '86', '0', '0', '0', '0'], ['0', '2000', '3353', '3353', '0', '0', '86', 696, 540, 3615, '0'], ['4', '2392', '3353', '3360', '392', '6.7', '86', '0', '0', '0', '0'], ['5', '2784', '3353', '3433', '784', '13.2', '86', '0', '0', '0', '0'], ['6', '3176', '3353', '3558', '1176', '19.3', '86', '0', '0', '0', '0']]
2020-06-16 10:49:28,226 Fiducial target object height and range: 32, 3615.7664233576643
2020-06-16 10:49:28,227 Detected tags added to list: [['3', '824', '3353', '3558', '1176', '-19.3', '86', '0', '0', '0', '0'], ['2', '1216', '3353', '3433', '784', '-13.2', '86', '0', '0', '0', '0'], ['1', '1608', '3353', '3360', '392', '-6.7', '86', 548, 546, 3615, '0'], ['0', '2000', '3353', '3353', '0', '0', '86', 696, 540, 3615, '0'], ['4', '2392', '3353', '3360', '392', '6.7', '86', '0', '0', '0', '0'], ['5', '2784', '3353', '3433', '784', '13.2', '86', '0', '0', '0', '0'], ['6', '3176', '3353', '3558', '1176', '19.3', '86', '0', '0', '0', '0']]
2020-06-16 10:49:28,237 Fiducial target object height and range: 33, 3506.1977438619774
2020-06-16 10:49:28,247 Detected tags added to list: [['3', '824', '3353', '3558', '1176', '-19.3', '86', '0', '0', '0', '0'], ['2', '1216', '3353', '3433', '784', '-13.2', '86', 396, 554, 3506, '0'], ['1', '1608', '3353', '3360', '392', '-6.7', '86', 548, 546, 3615, '0'], ['0', '2000', '3353', '3353', '0', '0', '86', 696, 540, 3615, '0'], ['4', '2392', '3353', '3360', '392', '6.7', '86', '0', '0', '0', '0'], ['5', '2784', '3353', '3433', '784', '13.2', '86', '0', '0', '0', '0'], ['6', '3176', '3353', '3558', '1176', '19.3', '86', '0', '0', '0', '0']]
2020-06-16 10:49:28,256 Fiducial target object height and range: 33, 3506.1977438619774
2020-06-16 10:49:28,267 Detected tags added to list: [['3', '824', '3353', '3558', '1176', '-19.3', '86', 245, 565, 3506, '0'], ['2', '1216', '3353', '3433', '784', '-13.2', '86', 396, 554, 3506, '0'], ['1', '1608', '3353', '3360', '392', '-6.7', '86', 548, 546, 3615, '0'], ['0', '2000', '3353', '3353', '0', '0', '86', 696, 540, 3615, '0'], ['4', '2392', '3353', '3360', '392', '6.7', '86', '0', '0', '0', '0'], ['5', '2784', '3353', '3433', '784', '13.2', '86', '0', '0', '0', '0'], ['6', '3176', '3353', '3558', '1176', '19.3', '86', '0', '0', '0', '0']]
2020-06-16 10:49:28,275 Fiducial target object height and range: 32, 3615.7664233576643
2020-06-16 10:49:28,277 Detected tags added to list: [['3', '824', '3353', '3558', '1176', '-19.3', '86', 245, 565, 3506, '0'], ['2', '1216', '3353', '3433', '784', '-13.2', '86', 396, 554, 3506, '0'], ['1', '1608', '3353', '3360', '392', '-6.7', '86', 548, 546, 3615, '0'], ['0', '2000', '3353', '3353', '0', '0', '86', 696, 540, 3615, '0'], ['4', '2392', '3353', '3360', '392', '6.7', '86', 846, 538, 3615, '0'], ['5', '2784', '3353', '3433', '784', '13.2', '86', '0', '0', '0', '0'], ['6', '3176', '3353', '3558', '1176', '19.3', '86', '0', '0', '0', '0']]
2020-06-16 10:49:28,285 Fiducial target object height and range: 32, 3615.7664233576643
2020-06-16 10:49:28,286 Detected tags added to list: [['3', '824', '3353', '3558', '1176', '-19.3', '86', 245, 565, 3506, '0'], ['2', '1216', '3353', '3433', '784', '-13.2', '86', 396, 554, 3506, '0'], ['1', '1608', '3353', '3360', '392', '-6.7', '86', 548, 546, 3615, '0'], ['0', '2000', '3353', '3353', '0', '0', '86', 696, 540, 3615, '0'], ['4', '2392', '3353', '3360', '392', '6.7', '86', 846, 538, 3615, '0'], ['5', '2784', '3353', '3433', '784', '13.2', '86', 997, 534, 3615, '0'], ['6', '3176', '3353', '3558', '1176', '19.3', '86', '0', '0', '0', '0']]
2020-06-16 10:49:28,295 Fiducial target object height and range: 31, 3732.4040499175885
2020-06-16 10:49:28,296 Detected tags added to list: [['3', '824', '3353', '3558', '1176', '-19.3', '86', 245, 565, 3506, '0'], ['2', '1216', '3353', '3433', '784', '-13.2', '86', 396, 554, 3506, '0'], ['1', '1608', '3353', '3360', '392', '-6.7', '86', 548, 546, 3615, '0'], ['0', '2000', '3353', '3353', '0', '0', '86', 696, 540, 3615, '0'], ['4', '2392', '3353', '3360', '392', '6.7', '86', 846, 538, 3615, '0'], ['5', '2784', '3353', '3433', '784', '13.2', '86', 997, 534, 3615, '0'], ['6', '3176', '3353', '3558', '1176', '19.3', '86', 1143, 528, 3732, '0']]
2020-06-16 10:49:28,357 Fiducial targets list: [['3', '824', '3353', '3558', '1176', '-19.3', '86', 245, 565, 3506, -18.5], ['2', '1216', '3353', '3433', '784', '-13.2', '86', 396, 554, 3506, -12.2], ['1', '1608', '3353', '3360', '392', '-6.7', '86', 548, 546, 3615, -6.0], ['0', '2000', '3353', '3353', '0', '0', '86', 696, 540, 3615, 0.0], ['4', '2392', '3353', '3360', '392', '6.7', '86', 846, 538, 3615, 6.1], ['5', '2784', '3353', '3433', '784', '13.2', '86', 997, 534, 3615, 12.2], ['6', '3176', '3353', '3558', '1176', '19.3', '86', 1143, 528, 3732, 18.3]]
2020-06-16 10:49:31,080 Running job Every 1.0 second do i_capture('track_i') (last run: [never], next run: 2020-06-16 10:49:25)
2020-06-16 10:49:31,612 File name: /home/pi/RPi-Ardunio/track_i20200616-104931.jpg
2020-06-16 10:49:31,617 track image file: /home/pi/RPi-Ardunio/track_i20200616-104931.jpg
2020-06-16 10:49:32,083 Robot target object height and range: 21, 3267.4035453597494
2020-06-16 10:49:32,090 rr_list: [3.760635099480993]
2020-06-16 10:49:32,096 rr_list: [3.760635099480993, 2.047823163033862]
2020-06-16 10:49:32,102 rr_list: [3.760635099480993, 2.047823163033862, 0.17414651214866672]
2020-06-16 10:49:32,110 rr_list: [3.760635099480993, 2.047823163033862, 0.17414651214866672, 1.7161899393336697]
2020-06-16 10:49:32,116 rr_list: [3.760635099480993, 2.047823163033862, 0.17414651214866672, 1.7161899393336697, 3.6290671902459275]
2020-06-16 10:49:32,121 rr_list: [3.760635099480993, 2.047823163033862, 0.17414651214866672, 1.7161899393336697, 3.6290671902459275, 5.459315037717577]
2020-06-16 10:49:32,128 rr_list: [3.760635099480993, 2.047823163033862, 0.17414651214866672, 1.7161899393336697, 3.6290671902459275, 5.459315037717577, 7.062277101364404]
2020-06-16 10:49:32,135 deg, rad, robx, roby: -6.0, -0.1047, 1658, 3249 
2020-06-16 10:49:32,140 track image file: /home/pi/RPi-Ardunio/track_i20200616-104931.jpg
2020-06-16 10:49:32,857 Robot target object height and range: 21, 3267.4035453597494
2020-06-16 10:49:32,865 rr_list: [3.760635099480993]
2020-06-16 10:49:32,871 rr_list: [3.760635099480993, 2.047823163033862]
2020-06-16 10:49:32,877 rr_list: [3.760635099480993, 2.047823163033862, 0.17414651214866672]
2020-06-16 10:49:32,883 rr_list: [3.760635099480993, 2.047823163033862, 0.17414651214866672, 1.7161899393336697]
2020-06-16 10:49:32,889 rr_list: [3.760635099480993, 2.047823163033862, 0.17414651214866672, 1.7161899393336697, 3.6290671902459275]
2020-06-16 10:49:32,895 rr_list: [3.760635099480993, 2.047823163033862, 0.17414651214866672, 1.7161899393336697, 3.6290671902459275, 5.459315037717577]
2020-06-16 10:49:32,901 rr_list: [3.760635099480993, 2.047823163033862, 0.17414651214866672, 1.7161899393336697, 3.6290671902459275, 5.459315037717577, 7.062277101364404]
2020-06-16 10:49:32,909 deg, rad, robx, roby: -6.0, -0.1047, 1658, 3249 
2020-06-16 10:49:32,910 Running job Every 1.0 second do i_capture('track_i') (last run: 2020-06-16 10:49:31, next run: 2020-06-16 10:49:32)
2020-06-16 10:49:33,425 File name: /home/pi/RPi-Ardunio/track_i20200616-104932.jpg
2020-06-16 10:49:33,430 track image file: /home/pi/RPi-Ardunio/track_i20200616-104932.jpg
2020-06-16 10:49:34,126 Robot target object height and range: 21, 3267.4035453597494
2020-06-16 10:49:34,135 rr_list: [3.760402340195408]
2020-06-16 10:49:34,142 rr_list: [3.760402340195408, 2.0476741473821276]
2020-06-16 10:49:34,159 rr_list: [3.760402340195408, 2.0476741473821276, 0.17408910520660337]
2020-06-16 10:49:34,165 rr_list: [3.760402340195408, 2.0476741473821276, 0.17408910520660337, 1.7161549230269924]
2020-06-16 10:49:34,180 rr_list: [3.760402340195408, 2.0476741473821276, 0.17408910520660337, 1.7161549230269924, 3.6289386486147857]
2020-06-16 10:49:34,187 rr_list: [3.760402340195408, 2.0476741473821276, 0.17408910520660337, 1.7161549230269924, 3.6289386486147857, 5.459097010718933]
2020-06-16 10:49:34,193 rr_list: [3.760402340195408, 2.0476741473821276, 0.17408910520660337, 1.7161549230269924, 3.6289386486147857, 5.459097010718933, 7.061980701565291]
2020-06-16 10:49:34,200 deg, rad, robx, roby: -6.0, -0.1047, 1658, 3249 
2020-06-16 10:49:34,205 track image file: /home/pi/RPi-Ardunio/track_i20200616-104932.jpg
2020-06-16 10:49:34,882 ctrl-c detected
2020-06-17 12:24:49,429 Calibration start
2020-06-17 12:24:49,433 Targets read and returned: [['3', '824', '3353', '3558', '1176', '-19.3', '86', '0', '0', '0', '0'], ['2', '1216', '3353', '3433', '784', '-13.2', '86', '0', '0', '0', '0'], ['1', '1608', '3353', '3360', '392', '-6.7', '86', '0', '0', '0', '0'], ['0', '2000', '3353', '3353', '0', '0', '86', '0', '0', '0', '0'], ['4', '2392', '3353', '3360', '392', '6.7', '86', '0', '0', '0', '0'], ['5', '2784', '3353', '3433', '784', '13.2', '86', '0', '0', '0', '0'], ['6', '3176', '3353', '3558', '1176', '19.3', '86', '0', '0', '0', '0']]
2020-06-17 12:24:49,435 Targets from csv file: [['3', '824', '3353', '3558', '1176', '-19.3', '86', '0', '0', '0', '0'], ['2', '1216', '3353', '3433', '784', '-13.2', '86', '0', '0', '0', '0'], ['1', '1608', '3353', '3360', '392', '-6.7', '86', '0', '0', '0', '0'], ['0', '2000', '3353', '3353', '0', '0', '86', '0', '0', '0', '0'], ['4', '2392', '3353', '3360', '392', '6.7', '86', '0', '0', '0', '0'], ['5', '2784', '3353', '3433', '784', '13.2', '86', '0', '0', '0', '0'], ['6', '3176', '3353', '3558', '1176', '19.3', '86', '0', '0', '0', '0']]
2020-06-17 12:24:52,011 File name: /home/pi/RPi-Ardunio/calibration20200617-122451.jpg
2020-06-17 12:24:52,017 Calibration image file: /home/pi/RPi-Ardunio/calibration20200617-122451.jpg
2020-06-17 12:24:52,618 Fiducial target object height and range: 32, 3615.7664233576643
2020-06-17 12:24:52,619 Detected tags added to list: [['3', '824', '3353', '3558', '1176', '-19.3', '86', '0', '0', '0', '0'], ['2', '1216', '3353', '3433', '784', '-13.2', '86', '0', '0', '0', '0'], ['1', '1608', '3353', '3360', '392', '-6.7', '86', '0', '0', '0', '0'], ['0', '2000', '3353', '3353', '0', '0', '86', 701, 545, 3615, '0'], ['4', '2392', '3353', '3360', '392', '6.7', '86', '0', '0', '0', '0'], ['5', '2784', '3353', '3433', '784', '13.2', '86', '0', '0', '0', '0'], ['6', '3176', '3353', '3558', '1176', '19.3', '86', '0', '0', '0', '0']]
2020-06-17 12:24:52,628 Fiducial target object height and range: 33, 3506.1977438619774
2020-06-17 12:24:52,629 Detected tags added to list: [['3', '824', '3353', '3558', '1176', '-19.3', '86', '0', '0', '0', '0'], ['2', '1216', '3353', '3433', '784', '-13.2', '86', '0', '0', '0', '0'], ['1', '1608', '3353', '3360', '392', '-6.7', '86', 552, 554, 3506, '0'], ['0', '2000', '3353', '3353', '0', '0', '86', 701, 545, 3615, '0'], ['4', '2392', '3353', '3360', '392', '6.7', '86', '0', '0', '0', '0'], ['5', '2784', '3353', '3433', '784', '13.2', '86', '0', '0', '0', '0'], ['6', '3176', '3353', '3558', '1176', '19.3', '86', '0', '0', '0', '0']]
2020-06-17 12:24:52,638 Fiducial target object height and range: 33, 3506.1977438619774
2020-06-17 12:24:52,639 Detected tags added to list: [['3', '824', '3353', '3558', '1176', '-19.3', '86', '0', '0', '0', '0'], ['2', '1216', '3353', '3433', '784', '-13.2', '86', 401, 567, 3506, '0'], ['1', '1608', '3353', '3360', '392', '-6.7', '86', 552, 554, 3506, '0'], ['0', '2000', '3353', '3353', '0', '0', '86', 701, 545, 3615, '0'], ['4', '2392', '3353', '3360', '392', '6.7', '86', '0', '0', '0', '0'], ['5', '2784', '3353', '3433', '784', '13.2', '86', '0', '0', '0', '0'], ['6', '3176', '3353', '3558', '1176', '19.3', '86', '0', '0', '0', '0']]
2020-06-17 12:24:52,647 Fiducial target object height and range: 32, 3615.7664233576643
2020-06-17 12:24:52,648 Detected tags added to list: [['3', '824', '3353', '3558', '1176', '-19.3', '86', 251, 581, 3615, '0'], ['2', '1216', '3353', '3433', '784', '-13.2', '86', 401, 567, 3506, '0'], ['1', '1608', '3353', '3360', '392', '-6.7', '86', 552, 554, 3506, '0'], ['0', '2000', '3353', '3353', '0', '0', '86', 701, 545, 3615, '0'], ['4', '2392', '3353', '3360', '392', '6.7', '86', '0', '0', '0', '0'], ['5', '2784', '3353', '3433', '784', '13.2', '86', '0', '0', '0', '0'], ['6', '3176', '3353', '3558', '1176', '19.3', '86', '0', '0', '0', '0']]
2020-06-17 12:24:52,657 Fiducial target object height and range: 32, 3615.7664233576643
2020-06-17 12:24:52,658 Detected tags added to list: [['3', '824', '3353', '3558', '1176', '-19.3', '86', 251, 581, 3615, '0'], ['2', '1216', '3353', '3433', '784', '-13.2', '86', 401, 567, 3506, '0'], ['1', '1608', '3353', '3360', '392', '-6.7', '86', 552, 554, 3506, '0'], ['0', '2000', '3353', '3353', '0', '0', '86', 701, 545, 3615, '0'], ['4', '2392', '3353', '3360', '392', '6.7', '86', 851, 539, 3615, '0'], ['5', '2784', '3353', '3433', '784', '13.2', '86', '0', '0', '0', '0'], ['6', '3176', '3353', '3558', '1176', '19.3', '86', '0', '0', '0', '0']]
2020-06-17 12:24:52,666 Fiducial target object height and range: 32, 3615.7664233576643
2020-06-17 12:24:52,667 Detected tags added to list: [['3', '824', '3353', '3558', '1176', '-19.3', '86', 251, 581, 3615, '0'], ['2', '1216', '3353', '3433', '784', '-13.2', '86', 401, 567, 3506, '0'], ['1', '1608', '3353', '3360', '392', '-6.7', '86', 552, 554, 3506, '0'], ['0', '2000', '3353', '3353', '0', '0', '86', 701, 545, 3615, '0'], ['4', '2392', '3353', '3360', '392', '6.7', '86', 851, 539, 3615, '0'], ['5', '2784', '3353', '3433', '784', '13.2', '86', 1002, 531, 3615, '0'], ['6', '3176', '3353', '3558', '1176', '19.3', '86', '0', '0', '0', '0']]
2020-06-17 12:24:52,676 Fiducial target object height and range: 31, 3732.4040499175885
2020-06-17 12:24:52,677 Detected tags added to list: [['3', '824', '3353', '3558', '1176', '-19.3', '86', 251, 581, 3615, '0'], ['2', '1216', '3353', '3433', '784', '-13.2', '86', 401, 567, 3506, '0'], ['1', '1608', '3353', '3360', '392', '-6.7', '86', 552, 554, 3506, '0'], ['0', '2000', '3353', '3353', '0', '0', '86', 701, 545, 3615, '0'], ['4', '2392', '3353', '3360', '392', '6.7', '86', 851, 539, 3615, '0'], ['5', '2784', '3353', '3433', '784', '13.2', '86', 1002, 531, 3615, '0'], ['6', '3176', '3353', '3558', '1176', '19.3', '86', 1148, 522, 3732, '0']]
2020-06-17 12:24:52,740 Fiducial targets list: [['3', '824', '3353', '3558', '1176', '-19.3', '86', 251, 581, 3615, -18.5], ['2', '1216', '3353', '3433', '784', '-13.2', '86', 401, 567, 3506, -12.2], ['1', '1608', '3353', '3360', '392', '-6.7', '86', 552, 554, 3506, -6.0], ['0', '2000', '3353', '3353', '0', '0', '86', 701, 545, 3615, 0.0], ['4', '2392', '3353', '3360', '392', '6.7', '86', 851, 539, 3615, 6.1], ['5', '2784', '3353', '3433', '784', '13.2', '86', 1002, 531, 3615, 12.2], ['6', '3176', '3353', '3558', '1176', '19.3', '86', 1148, 522, 3732, 18.3]]
2020-06-17 12:24:55,805 Running job Every 1.0 second do i_capture('track_i') (last run: [never], next run: 2020-06-17 12:24:50)
2020-06-17 12:24:56,318 File name: /home/pi/RPi-Ardunio/track_i20200617-122455.jpg
2020-06-17 12:24:56,322 track image file: /home/pi/RPi-Ardunio/track_i20200617-122455.jpg
2020-06-17 12:24:56,777 Robot target object height and range: 21, 3267.4035453597494
2020-06-17 12:24:56,783 rr_list: [4.183819102953428]
2020-06-17 12:24:56,788 rr_list: [4.183819102953428, 2.3008841151066526]
2020-06-17 12:24:56,792 rr_list: [4.183819102953428, 2.3008841151066526, 0.24179405099394824]
2020-06-17 12:24:56,796 rr_list: [4.183819102953428, 2.3008841151066526, 0.24179405099394824, 1.8625861124763428]
2020-06-17 12:24:56,809 rr_list: [4.183819102953428, 2.3008841151066526, 0.24179405099394824, 1.8625861124763428, 3.9774834631786713]
2020-06-17 12:24:56,813 rr_list: [4.183819102953428, 2.3008841151066526, 0.24179405099394824, 1.8625861124763428, 3.9774834631786713, 5.999665479784972]
2020-06-17 12:24:56,816 rr_list: [4.183819102953428, 2.3008841151066526, 0.24179405099394824, 1.8625861124763428, 3.9774834631786713, 5.999665479784972, 7.7696146640111605]
2020-06-17 12:24:56,826 deg, rad, robx, roby: -6.0, -0.1047, 1658, 3249 
2020-06-17 12:24:56,829 track image file: /home/pi/RPi-Ardunio/track_i20200617-122455.jpg
2020-06-17 12:24:57,547 Robot target object height and range: 21, 3267.4035453597494
2020-06-17 12:24:57,555 rr_list: [4.183819102953428]
2020-06-17 12:24:57,562 rr_list: [4.183819102953428, 2.3008841151066526]
2020-06-17 12:24:57,568 rr_list: [4.183819102953428, 2.3008841151066526, 0.24179405099394824]
2020-06-17 12:24:57,574 rr_list: [4.183819102953428, 2.3008841151066526, 0.24179405099394824, 1.8625861124763428]
2020-06-17 12:24:57,580 rr_list: [4.183819102953428, 2.3008841151066526, 0.24179405099394824, 1.8625861124763428, 3.9774834631786713]
2020-06-17 12:24:57,586 rr_list: [4.183819102953428, 2.3008841151066526, 0.24179405099394824, 1.8625861124763428, 3.9774834631786713, 5.999665479784972]
2020-06-17 12:24:57,592 rr_list: [4.183819102953428, 2.3008841151066526, 0.24179405099394824, 1.8625861124763428, 3.9774834631786713, 5.999665479784972, 7.7696146640111605]
2020-06-17 12:24:57,600 deg, rad, robx, roby: -6.0, -0.1047, 1658, 3249 
2020-06-17 12:24:57,601 Running job Every 1.0 second do i_capture('track_i') (last run: 2020-06-17 12:24:56, next run: 2020-06-17 12:24:57)
2020-06-17 12:24:58,130 File name: /home/pi/RPi-Ardunio/track_i20200617-122457.jpg
2020-06-17 12:24:58,134 track image file: /home/pi/RPi-Ardunio/track_i20200617-122457.jpg
2020-06-17 12:24:58,857 Robot target object height and range: 21, 3267.4035453597494
2020-06-17 12:24:58,865 rr_list: [4.198334238612444]
2020-06-17 12:24:58,874 rr_list: [4.198334238612444, 2.3101268721886203]
2020-06-17 12:24:58,882 rr_list: [4.198334238612444, 2.3101268721886203, 0.24527118025960237]
2020-06-17 12:24:58,889 rr_list: [4.198334238612444, 2.3101268721886203, 0.24527118025960237, 1.8650014271683704]
2020-06-17 12:24:58,897 rr_list: [4.198334238612444, 2.3101268721886203, 0.24527118025960237, 1.8650014271683704, 3.985820670849728]
2020-06-17 12:24:58,917 rr_list: [4.198334238612444, 2.3101268721886203, 0.24527118025960237, 1.8650014271683704, 3.985820670849728, 6.013664969591133]
2020-06-17 12:24:58,923 rr_list: [4.198334238612444, 2.3101268721886203, 0.24527118025960237, 1.8650014271683704, 3.985820670849728, 6.013664969591133, 7.788570162506739]
2020-06-17 12:24:58,931 deg, rad, robx, roby: -6.0, -0.1047, 1658, 3249 
2020-06-17 12:24:58,935 track image file: /home/pi/RPi-Ardunio/track_i20200617-122457.jpg
2020-06-17 12:24:59,655 Robot target object height and range: 21, 3267.4035453597494
2020-06-17 12:24:59,662 rr_list: [4.198334238612444]
2020-06-17 12:24:59,669 rr_list: [4.198334238612444, 2.3101268721886203]
2020-06-17 12:24:59,675 rr_list: [4.198334238612444, 2.3101268721886203, 0.24527118025960237]
2020-06-17 12:24:59,681 rr_list: [4.198334238612444, 2.3101268721886203, 0.24527118025960237, 1.8650014271683704]
2020-06-17 12:24:59,688 rr_list: [4.198334238612444, 2.3101268721886203, 0.24527118025960237, 1.8650014271683704, 3.985820670849728]
2020-06-17 12:24:59,694 rr_list: [4.198334238612444, 2.3101268721886203, 0.24527118025960237, 1.8650014271683704, 3.985820670849728, 6.013664969591133]
2020-06-17 12:24:59,700 rr_list: [4.198334238612444, 2.3101268721886203, 0.24527118025960237, 1.8650014271683704, 3.985820670849728, 6.013664969591133, 7.788570162506739]
2020-06-17 12:24:59,708 deg, rad, robx, roby: -6.0, -0.1047, 1658, 3249 
2020-06-17 12:24:59,709 Running job Every 1.0 second do i_capture('track_i') (last run: 2020-06-17 12:24:58, next run: 2020-06-17 12:24:59)
2020-06-17 12:25:00,239 File name: /home/pi/RPi-Ardunio/track_i20200617-122459.jpg
2020-06-17 12:25:00,241 track image file: /home/pi/RPi-Ardunio/track_i20200617-122459.jpg
2020-06-17 12:25:00,716 Robot target object height and range: 21, 3267.4035453597494
2020-06-17 12:25:00,724 rr_list: [4.1934224245231855]
2020-06-17 12:25:00,730 rr_list: [4.1934224245231855, 2.3069991918468524]
2020-06-17 12:25:00,736 rr_list: [4.1934224245231855, 2.3069991918468524, 0.24409454554405952]
2020-06-17 12:25:00,743 rr_list: [4.1934224245231855, 2.3069991918468524, 0.24409454554405952, 1.8641841026174335]
2020-06-17 12:25:00,749 rr_list: [4.1934224245231855, 2.3069991918468524, 0.24409454554405952, 1.8641841026174335, 3.9829994217022335]
2020-06-17 12:25:00,755 rr_list: [4.1934224245231855, 2.3069991918468524, 0.24409454554405952, 1.8641841026174335, 3.9829994217022335, 6.008927646228287]
2020-06-17 12:25:00,761 rr_list: [4.1934224245231855, 2.3069991918468524, 0.24409454554405952, 1.8641841026174335, 3.9829994217022335, 6.008927646228287, 7.782155762616396]
2020-06-17 12:25:00,769 deg, rad, robx, roby: -6.0, -0.1047, 1658, 3249 
2020-06-17 12:25:00,773 track image file: /home/pi/RPi-Ardunio/track_i20200617-122459.jpg
2020-06-17 12:25:01,487 Robot target object height and range: 21, 3267.4035453597494
2020-06-17 12:25:01,495 rr_list: [4.1934224245231855]
2020-06-17 12:25:01,501 rr_list: [4.1934224245231855, 2.3069991918468524]
2020-06-17 12:25:01,508 rr_list: [4.1934224245231855, 2.3069991918468524, 0.24409454554405952]
2020-06-17 12:25:01,514 rr_list: [4.1934224245231855, 2.3069991918468524, 0.24409454554405952, 1.8641841026174335]
2020-06-17 12:25:01,521 rr_list: [4.1934224245231855, 2.3069991918468524, 0.24409454554405952, 1.8641841026174335, 3.9829994217022335]
2020-06-17 12:25:01,528 rr_list: [4.1934224245231855, 2.3069991918468524, 0.24409454554405952, 1.8641841026174335, 3.9829994217022335, 6.008927646228287]
2020-06-17 12:25:01,534 rr_list: [4.1934224245231855, 2.3069991918468524, 0.24409454554405952, 1.8641841026174335, 3.9829994217022335, 6.008927646228287, 7.782155762616396]
2020-06-17 12:25:01,542 deg, rad, robx, roby: -6.0, -0.1047, 1658, 3249 
2020-06-17 12:25:01,543 Running job Every 1.0 second do i_capture('track_i') (last run: 2020-06-17 12:25:00, next run: 2020-06-17 12:25:01)
2020-06-17 12:25:02,089 File name: /home/pi/RPi-Ardunio/track_i20200617-122501.jpg
2020-06-17 12:25:02,093 track image file: /home/pi/RPi-Ardunio/track_i20200617-122501.jpg
2020-06-17 12:25:02,832 Robot target object height and range: 21, 3267.4035453597494
2020-06-17 12:25:02,841 rr_list: [4.199018868730701]
2020-06-17 12:25:02,847 rr_list: [4.199018868730701, 2.3105628219463568]
2020-06-17 12:25:02,853 rr_list: [4.199018868730701, 2.3105628219463568, 0.2454351847495544]
2020-06-17 12:25:02,860 rr_list: [4.199018868730701, 2.3105628219463568, 0.2454351847495544, 1.865115349436965]
2020-06-17 12:25:02,867 rr_list: [4.199018868730701, 2.3105628219463568, 0.2454351847495544, 1.865115349436965, 3.986213908888136]
2020-06-17 12:25:02,873 rr_list: [4.199018868730701, 2.3105628219463568, 0.2454351847495544, 1.865115349436965, 3.986213908888136, 6.01432527842921]
2020-06-17 12:25:02,880 rr_list: [4.199018868730701, 2.3105628219463568, 0.2454351847495544, 1.865115349436965, 3.986213908888136, 6.01432527842921, 7.789464229602046]
2020-06-17 12:25:02,888 deg, rad, robx, roby: -6.0, -0.1047, 1658, 3249 
2020-06-17 12:25:02,892 track image file: /home/pi/RPi-Ardunio/track_i20200617-122501.jpg
2020-06-17 12:25:03,379 ctrl-c detected
2020-06-26 13:47:39,274 Calibration start
2020-06-26 13:47:39,302 Targets read and returned: [['3', '824', '3353', '3558', '1176', '-19.3', '86', '0', '0', '0', '0'], ['2', '1216', '3353', '3433', '784', '-13.2', '86', '0', '0', '0', '0'], ['1', '1608', '3353', '3360', '392', '-6.7', '86', '0', '0', '0', '0'], ['0', '2000', '3353', '3353', '0', '0', '86', '0', '0', '0', '0'], ['4', '2392', '3353', '3360', '392', '6.7', '86', '0', '0', '0', '0'], ['5', '2784', '3353', '3433', '784', '13.2', '86', '0', '0', '0', '0'], ['6', '3176', '3353', '3558', '1176', '19.3', '86', '0', '0', '0', '0']]
2020-06-26 13:47:39,312 Targets from csv file: [['3', '824', '3353', '3558', '1176', '-19.3', '86', '0', '0', '0', '0'], ['2', '1216', '3353', '3433', '784', '-13.2', '86', '0', '0', '0', '0'], ['1', '1608', '3353', '3360', '392', '-6.7', '86', '0', '0', '0', '0'], ['0', '2000', '3353', '3353', '0', '0', '86', '0', '0', '0', '0'], ['4', '2392', '3353', '3360', '392', '6.7', '86', '0', '0', '0', '0'], ['5', '2784', '3353', '3433', '784', '13.2', '86', '0', '0', '0', '0'], ['6', '3176', '3353', '3558', '1176', '19.3', '86', '0', '0', '0', '0']]
2020-06-26 13:47:42,062 File name: /home/pi/RPi-Ardunio/calibration20200626-134741.jpg
2020-06-26 13:47:42,120 Calibration image file: /home/pi/RPi-Ardunio/calibration20200626-134741.jpg
2020-06-26 14:11:04,292 Calibration start
2020-06-26 14:11:04,308 Targets read and returned: [['3', '824', '3353', '3558', '1176', '-19.3', '86', '0', '0', '0', '0'], ['2', '1216', '3353', '3433', '784', '-13.2', '86', '0', '0', '0', '0'], ['1', '1608', '3353', '3360', '392', '-6.7', '86', '0', '0', '0', '0'], ['0', '2000', '3353', '3353', '0', '0', '86', '0', '0', '0', '0'], ['4', '2392', '3353', '3360', '392', '6.7', '86', '0', '0', '0', '0'], ['5', '2784', '3353', '3433', '784', '13.2', '86', '0', '0', '0', '0'], ['6', '3176', '3353', '3558', '1176', '19.3', '86', '0', '0', '0', '0']]
2020-06-26 14:11:04,326 Targets from csv file: [['3', '824', '3353', '3558', '1176', '-19.3', '86', '0', '0', '0', '0'], ['2', '1216', '3353', '3433', '784', '-13.2', '86', '0', '0', '0', '0'], ['1', '1608', '3353', '3360', '392', '-6.7', '86', '0', '0', '0', '0'], ['0', '2000', '3353', '3353', '0', '0', '86', '0', '0', '0', '0'], ['4', '2392', '3353', '3360', '392', '6.7', '86', '0', '0', '0', '0'], ['5', '2784', '3353', '3433', '784', '13.2', '86', '0', '0', '0', '0'], ['6', '3176', '3353', '3558', '1176', '19.3', '86', '0', '0', '0', '0']]
2020-06-26 14:11:07,282 File name: /home/pi/RPi-Ardunio/calibration20200626-141106.jpg
2020-06-26 14:11:07,400 Calibration image file: /home/pi/RPi-Ardunio/calibration20200626-141106.jpg
2020-06-26 14:19:28,874 Calibration start
2020-06-26 14:19:28,890 Targets read and returned: [['3', '824', '3353', '3558', '1176', '-19.3', '86', '0', '0', '0', '0'], ['2', '1216', '3353', '3433', '784', '-13.2', '86', '0', '0', '0', '0'], ['1', '1608', '3353', '3360', '392', '-6.7', '86', '0', '0', '0', '0'], ['0', '2000', '3353', '3353', '0', '0', '86', '0', '0', '0', '0'], ['4', '2392', '3353', '3360', '392', '6.7', '86', '0', '0', '0', '0'], ['5', '2784', '3353', '3433', '784', '13.2', '86', '0', '0', '0', '0'], ['6', '3176', '3353', '3558', '1176', '19.3', '86', '0', '0', '0', '0']]
2020-06-26 14:19:28,910 Targets from csv file: [['3', '824', '3353', '3558', '1176', '-19.3', '86', '0', '0', '0', '0'], ['2', '1216', '3353', '3433', '784', '-13.2', '86', '0', '0', '0', '0'], ['1', '1608', '3353', '3360', '392', '-6.7', '86', '0', '0', '0', '0'], ['0', '2000', '3353', '3353', '0', '0', '86', '0', '0', '0', '0'], ['4', '2392', '3353', '3360', '392', '6.7', '86', '0', '0', '0', '0'], ['5', '2784', '3353', '3433', '784', '13.2', '86', '0', '0', '0', '0'], ['6', '3176', '3353', '3558', '1176', '19.3', '86', '0', '0', '0', '0']]
2020-06-26 14:19:31,770 File name: /home/pi/RPi-Ardunio/calibration20200626-141931.jpg
2020-06-26 14:19:31,897 Calibration image file: /home/pi/RPi-Ardunio/calibration20200626-141931.jpg
2020-06-26 14:25:28,999 Calibration start
2020-06-26 14:25:29,031 Targets read and returned: [['3', '824', '3353', '3558', '1176', '-19.3', '86', '0', '0', '0', '0'], ['2', '1216', '3353', '3433', '784', '-13.2', '86', '0', '0', '0', '0'], ['1', '1608', '3353', '3360', '392', '-6.7', '86', '0', '0', '0', '0'], ['0', '2000', '3353', '3353', '0', '0', '86', '0', '0', '0', '0'], ['4', '2392', '3353', '3360', '392', '6.7', '86', '0', '0', '0', '0'], ['5', '2784', '3353', '3433', '784', '13.2', '86', '0', '0', '0', '0'], ['6', '3176', '3353', '3558', '1176', '19.3', '86', '0', '0', '0', '0']]
2020-06-26 14:25:29,052 Targets from csv file: [['3', '824', '3353', '3558', '1176', '-19.3', '86', '0', '0', '0', '0'], ['2', '1216', '3353', '3433', '784', '-13.2', '86', '0', '0', '0', '0'], ['1', '1608', '3353', '3360', '392', '-6.7', '86', '0', '0', '0', '0'], ['0', '2000', '3353', '3353', '0', '0', '86', '0', '0', '0', '0'], ['4', '2392', '3353', '3360', '392', '6.7', '86', '0', '0', '0', '0'], ['5', '2784', '3353', '3433', '784', '13.2', '86', '0', '0', '0', '0'], ['6', '3176', '3353', '3558', '1176', '19.3', '86', '0', '0', '0', '0']]
2020-06-26 14:25:31,851 File name: /home/pi/RPi-Ardunio/calibration20200626-142531.jpg
2020-06-26 14:25:31,936 Calibration image file: /home/pi/RPi-Ardunio/calibration20200626-142531.jpg
2020-06-26 14:51:14,293 Calibration start
2020-06-26 14:51:14,310 Targets read and returned: [['3', '824', '3353', '3558', '1176', '-19.3', '86', '0', '0', '0', '0'], ['2', '1216', '3353', '3433', '784', '-13.2', '86', '0', '0', '0', '0'], ['1', '1608', '3353', '3360', '392', '-6.7', '86', '0', '0', '0', '0'], ['0', '2000', '3353', '3353', '0', '0', '86', '0', '0', '0', '0'], ['4', '2392', '3353', '3360', '392', '6.7', '86', '0', '0', '0', '0'], ['5', '2784', '3353', '3433', '784', '13.2', '86', '0', '0', '0', '0'], ['6', '3176', '3353', '3558', '1176', '19.3', '86', '0', '0', '0', '0']]
2020-06-26 14:51:14,329 Targets from csv file: [['3', '824', '3353', '3558', '1176', '-19.3', '86', '0', '0', '0', '0'], ['2', '1216', '3353', '3433', '784', '-13.2', '86', '0', '0', '0', '0'], ['1', '1608', '3353', '3360', '392', '-6.7', '86', '0', '0', '0', '0'], ['0', '2000', '3353', '3353', '0', '0', '86', '0', '0', '0', '0'], ['4', '2392', '3353', '3360', '392', '6.7', '86', '0', '0', '0', '0'], ['5', '2784', '3353', '3433', '784', '13.2', '86', '0', '0', '0', '0'], ['6', '3176', '3353', '3558', '1176', '19.3', '86', '0', '0', '0', '0']]
2020-06-26 14:51:17,132 File name: /home/pi/RPi-Ardunio/calibration20200626-145116.jpg
2020-06-26 14:51:17,264 Calibration image file: /home/pi/RPi-Ardunio/calibration20200626-145116.jpg
