2020-06-13 13:22:50,084 Start
2020-06-13 13:22:52,348 Running job Every 1.0 second do i_capture() (last run: [never], next run: 2020-06-13 13:22:51)
2020-06-13 13:22:52,887 File name: /home/pi/RPi-Ardunio/apriltags20200613-132252.jpg
2020-06-13 13:22:53,888 Running job Every 1.0 second do i_capture() (last run: 2020-06-13 13:22:52, next run: 2020-06-13 13:22:53)
2020-06-13 13:22:54,393 File name: /home/pi/RPi-Ardunio/apriltags20200613-132253.jpg
2020-06-13 13:22:55,394 Running job Every 1.0 second do i_capture() (last run: 2020-06-13 13:22:54, next run: 2020-06-13 13:22:55)
2020-06-13 13:22:55,906 File name: /home/pi/RPi-Ardunio/apriltags20200613-132255.jpg
2020-06-13 13:22:56,480 ctrl-c detected
2020-06-13 16:09:29,849 Start
2020-06-13 16:09:30,652 File name: /home/pi/RPi-Ardunio/clyde20200613-160930.jpg
2020-06-13 16:14:53,500 Start
2020-06-13 16:14:55,761 Running job Every 1.0 second do i_capture('clyde') (last run: [never], next run: 2020-06-13 16:14:54)
2020-06-13 16:14:56,301 File name: /home/pi/RPi-Ardunio/clyde20200613-161455.jpg
2020-06-13 16:14:57,302 Running job Every 1.0 second do i_capture('clyde') (last run: 2020-06-13 16:14:56, next run: 2020-06-13 16:14:57)
2020-06-13 16:14:57,805 File name: /home/pi/RPi-Ardunio/clyde20200613-161457.jpg
2020-06-13 16:14:58,805 Running job Every 1.0 second do i_capture('clyde') (last run: 2020-06-13 16:14:57, next run: 2020-06-13 16:14:58)
2020-06-13 16:14:59,321 File name: /home/pi/RPi-Ardunio/clyde20200613-161458.jpg
2020-06-13 16:15:00,322 Running job Every 1.0 second do i_capture('clyde') (last run: 2020-06-13 16:14:59, next run: 2020-06-13 16:15:00)
2020-06-13 16:15:00,834 File name: /home/pi/RPi-Ardunio/clyde20200613-161500.jpg
2020-06-13 16:15:01,835 Running job Every 1.0 second do i_capture('clyde') (last run: 2020-06-13 16:15:00, next run: 2020-06-13 16:15:01)
2020-06-13 16:15:02,337 File name: /home/pi/RPi-Ardunio/clyde20200613-161501.jpg
2020-06-13 16:15:03,338 Running job Every 1.0 second do i_capture('clyde') (last run: 2020-06-13 16:15:02, next run: 2020-06-13 16:15:03)
2020-06-13 16:15:03,854 File name: /home/pi/RPi-Ardunio/clyde20200613-161503.jpg
2020-06-13 16:15:04,865 Running job Every 1.0 second do i_capture('clyde') (last run: 2020-06-13 16:15:03, next run: 2020-06-13 16:15:04)
2020-06-13 16:15:05,401 File name: /home/pi/RPi-Ardunio/clyde20200613-161504.jpg
2020-06-13 16:38:42,040 Start
2020-06-13 16:38:44,322 Running job Every 1.0 second do i_capture('clyde') (last run: [never], next run: 2020-06-13 16:38:43)
2020-06-13 16:38:44,860 File name: /home/pi/RPi-Ardunio/clyde20200613-163844.jpg
2020-06-13 16:38:45,861 Running job Every 1.0 second do i_capture('clyde') (last run: 2020-06-13 16:38:44, next run: 2020-06-13 16:38:45)
2020-06-13 16:38:46,369 File name: /home/pi/RPi-Ardunio/clyde20200613-163845.jpg
2020-06-13 16:38:47,370 Running job Every 1.0 second do i_capture('clyde') (last run: 2020-06-13 16:38:46, next run: 2020-06-13 16:38:47)
2020-06-13 16:38:47,884 File name: /home/pi/RPi-Ardunio/clyde20200613-163847.jpg
2020-06-13 16:38:48,885 Running job Every 1.0 second do i_capture('clyde') (last run: 2020-06-13 16:38:47, next run: 2020-06-13 16:38:48)
2020-06-13 16:38:49,397 File name: /home/pi/RPi-Ardunio/clyde20200613-163848.jpg
2020-06-13 16:38:50,398 Running job Every 1.0 second do i_capture('clyde') (last run: 2020-06-13 16:38:49, next run: 2020-06-13 16:38:50)
2020-06-13 16:38:50,900 File name: /home/pi/RPi-Ardunio/clyde20200613-163850.jpg
2020-06-13 16:38:51,901 Running job Every 1.0 second do i_capture('clyde') (last run: 2020-06-13 16:38:50, next run: 2020-06-13 16:38:51)
2020-06-13 16:38:52,406 File name: /home/pi/RPi-Ardunio/clyde20200613-163851.jpg
2020-06-13 16:38:53,406 Running job Every 1.0 second do i_capture('clyde') (last run: 2020-06-13 16:38:52, next run: 2020-06-13 16:38:53)
2020-06-13 16:38:53,911 File name: /home/pi/RPi-Ardunio/clyde20200613-163853.jpg
2020-06-13 16:39:37,068 Start
2020-06-13 16:39:39,351 Running job Every 1.0 second do i_capture('clyde') (last run: [never], next run: 2020-06-13 16:39:38)
2020-06-13 16:39:39,871 File name: /home/pi/RPi-Ardunio/clyde20200613-163939.jpg
2020-06-13 16:39:40,872 Running job Every 1.0 second do i_capture('clyde') (last run: 2020-06-13 16:39:39, next run: 2020-06-13 16:39:40)
2020-06-13 16:39:41,370 File name: /home/pi/RPi-Ardunio/clyde20200613-163940.jpg
2020-06-13 16:39:42,371 Running job Every 1.0 second do i_capture('clyde') (last run: 2020-06-13 16:39:41, next run: 2020-06-13 16:39:42)
2020-06-13 16:39:42,877 File name: /home/pi/RPi-Ardunio/clyde20200613-163942.jpg
2020-06-13 16:39:43,878 Running job Every 1.0 second do i_capture('clyde') (last run: 2020-06-13 16:39:42, next run: 2020-06-13 16:39:43)
2020-06-13 16:39:44,381 File name: /home/pi/RPi-Ardunio/clyde20200613-163943.jpg
2020-06-13 16:39:45,382 Running job Every 1.0 second do i_capture('clyde') (last run: 2020-06-13 16:39:44, next run: 2020-06-13 16:39:45)
2020-06-13 16:39:45,888 File name: /home/pi/RPi-Ardunio/clyde20200613-163945.jpg
2020-06-13 16:39:46,889 Running job Every 1.0 second do i_capture('clyde') (last run: 2020-06-13 16:39:45, next run: 2020-06-13 16:39:46)
2020-06-13 16:39:47,395 File name: /home/pi/RPi-Ardunio/clyde20200613-163946.jpg
2020-06-13 16:39:48,396 Running job Every 1.0 second do i_capture('clyde') (last run: 2020-06-13 16:39:47, next run: 2020-06-13 16:39:48)
2020-06-13 16:39:48,903 File name: /home/pi/RPi-Ardunio/clyde20200613-163948.jpg
2020-06-13 16:41:57,160 Start
2020-06-13 16:42:27,193 Start
2020-06-13 16:42:29,475 Running job Every 1.0 second do i_capture('clyde') (last run: [never], next run: 2020-06-13 16:42:28)
2020-06-13 16:42:29,990 File name: /home/pi/RPi-Ardunio/clyde20200613-164229.jpg
2020-06-13 16:42:30,991 Running job Every 1.0 second do i_capture('clyde') (last run: 2020-06-13 16:42:29, next run: 2020-06-13 16:42:30)
2020-06-13 16:42:31,493 File name: /home/pi/RPi-Ardunio/clyde20200613-164230.jpg
2020-06-13 16:42:32,493 Running job Every 1.0 second do i_capture('clyde') (last run: 2020-06-13 16:42:31, next run: 2020-06-13 16:42:32)
2020-06-13 16:42:32,998 File name: /home/pi/RPi-Ardunio/clyde20200613-164232.jpg
2020-06-13 16:42:33,999 Running job Every 1.0 second do i_capture('clyde') (last run: 2020-06-13 16:42:32, next run: 2020-06-13 16:42:33)
2020-06-13 16:42:34,504 File name: /home/pi/RPi-Ardunio/clyde20200613-164234.jpg
2020-06-13 16:42:35,505 Running job Every 1.0 second do i_capture('clyde') (last run: 2020-06-13 16:42:34, next run: 2020-06-13 16:42:35)
2020-06-13 16:42:36,020 File name: /home/pi/RPi-Ardunio/clyde20200613-164235.jpg
2020-06-13 16:42:37,022 Running job Every 1.0 second do i_capture('clyde') (last run: 2020-06-13 16:42:36, next run: 2020-06-13 16:42:37)
2020-06-13 16:42:37,534 File name: /home/pi/RPi-Ardunio/clyde20200613-164237.jpg
2020-06-13 16:42:38,535 Running job Every 1.0 second do i_capture('clyde') (last run: 2020-06-13 16:42:37, next run: 2020-06-13 16:42:38)
2020-06-13 16:42:39,038 File name: /home/pi/RPi-Ardunio/clyde20200613-164238.jpg
2020-06-13 16:43:33,761 Start
2020-06-13 16:43:36,046 Running job Every 1.0 second do i_capture('clyde') (last run: [never], next run: 2020-06-13 16:43:35)
2020-06-13 16:43:36,561 File name: /home/pi/RPi-Ardunio/clyde20200613-164336.jpg
2020-06-13 16:43:37,562 Running job Every 1.0 second do i_capture('clyde') (last run: 2020-06-13 16:43:36, next run: 2020-06-13 16:43:37)
2020-06-13 16:43:38,068 File name: /home/pi/RPi-Ardunio/clyde20200613-164337.jpg
2020-06-13 16:43:39,069 Running job Every 1.0 second do i_capture('clyde') (last run: 2020-06-13 16:43:38, next run: 2020-06-13 16:43:39)
2020-06-13 16:43:39,581 File name: /home/pi/RPi-Ardunio/clyde20200613-164339.jpg
2020-06-13 16:43:40,582 Running job Every 1.0 second do i_capture('clyde') (last run: 2020-06-13 16:43:39, next run: 2020-06-13 16:43:40)
2020-06-13 16:43:41,094 File name: /home/pi/RPi-Ardunio/clyde20200613-164340.jpg
2020-06-13 16:43:42,095 Running job Every 1.0 second do i_capture('clyde') (last run: 2020-06-13 16:43:41, next run: 2020-06-13 16:43:42)
2020-06-13 16:43:42,602 File name: /home/pi/RPi-Ardunio/clyde20200613-164342.jpg
2020-06-13 16:43:43,603 Running job Every 1.0 second do i_capture('clyde') (last run: 2020-06-13 16:43:42, next run: 2020-06-13 16:43:43)
2020-06-13 16:43:44,109 File name: /home/pi/RPi-Ardunio/clyde20200613-164343.jpg
2020-06-13 16:43:45,110 Running job Every 1.0 second do i_capture('clyde') (last run: 2020-06-13 16:43:44, next run: 2020-06-13 16:43:45)
2020-06-13 16:43:45,614 File name: /home/pi/RPi-Ardunio/clyde20200613-164345.jpg
2020-06-20 14:02:50,732 Start
2020-06-20 14:07:47,168 Start
2020-06-20 14:07:49,680 Running job Every 1.0 second do i_capture('clyde') (last run: [never], next run: 2020-06-20 14:07:48)
2020-06-20 14:07:50,281 File name: /home/pi/RPi-Ardunio/clyde20200620-140749.jpg
2020-06-20 14:07:51,283 Running job Every 1.0 second do i_capture('clyde') (last run: 2020-06-20 14:07:50, next run: 2020-06-20 14:07:51)
2020-06-20 14:07:51,812 File name: /home/pi/RPi-Ardunio/clyde20200620-140751.jpg
2020-06-20 14:07:52,814 Running job Every 1.0 second do i_capture('clyde') (last run: 2020-06-20 14:07:51, next run: 2020-06-20 14:07:52)
2020-06-20 14:07:53,339 File name: /home/pi/RPi-Ardunio/clyde20200620-140752.jpg
2020-06-20 14:07:54,341 Running job Every 1.0 second do i_capture('clyde') (last run: 2020-06-20 14:07:53, next run: 2020-06-20 14:07:54)
2020-06-20 14:07:54,872 File name: /home/pi/RPi-Ardunio/clyde20200620-140754.jpg
2020-06-20 14:07:55,874 Running job Every 1.0 second do i_capture('clyde') (last run: 2020-06-20 14:07:54, next run: 2020-06-20 14:07:55)
2020-06-20 14:07:56,403 File name: /home/pi/RPi-Ardunio/clyde20200620-140755.jpg
2020-06-20 14:07:57,406 Running job Every 1.0 second do i_capture('clyde') (last run: 2020-06-20 14:07:56, next run: 2020-06-20 14:07:57)
2020-06-20 14:07:57,932 File name: /home/pi/RPi-Ardunio/clyde20200620-140757.jpg
2020-06-20 14:07:58,938 Running job Every 1.0 second do i_capture('clyde') (last run: 2020-06-20 14:07:57, next run: 2020-06-20 14:07:58)
2020-06-20 14:07:59,465 File name: /home/pi/RPi-Ardunio/clyde20200620-140758.jpg
2020-06-24 06:50:12,333 Start
2020-06-24 06:50:14,877 Running job Every 1.0 second do i_capture('clyde') (last run: [never], next run: 2020-06-24 06:50:13)
2020-06-24 06:50:15,436 File name: /home/pi/RPi-Ardunio/clyde20200624-065014.jpg
2020-06-24 06:50:16,438 Running job Every 1.0 second do i_capture('clyde') (last run: 2020-06-24 06:50:15, next run: 2020-06-24 06:50:16)
2020-06-24 06:50:16,966 File name: /home/pi/RPi-Ardunio/clyde20200624-065016.jpg
2020-06-24 06:50:17,968 Running job Every 1.0 second do i_capture('clyde') (last run: 2020-06-24 06:50:16, next run: 2020-06-24 06:50:17)
2020-06-24 06:50:18,497 File name: /home/pi/RPi-Ardunio/clyde20200624-065017.jpg
2020-06-24 06:50:19,499 Running job Every 1.0 second do i_capture('clyde') (last run: 2020-06-24 06:50:18, next run: 2020-06-24 06:50:19)
2020-06-24 06:50:20,026 File name: /home/pi/RPi-Ardunio/clyde20200624-065019.jpg
2020-06-24 06:50:21,028 Running job Every 1.0 second do i_capture('clyde') (last run: 2020-06-24 06:50:20, next run: 2020-06-24 06:50:21)
2020-06-24 06:50:21,560 File name: /home/pi/RPi-Ardunio/clyde20200624-065021.jpg
2020-06-24 06:50:22,563 Running job Every 1.0 second do i_capture('clyde') (last run: 2020-06-24 06:50:21, next run: 2020-06-24 06:50:22)
2020-06-24 06:50:23,090 File name: /home/pi/RPi-Ardunio/clyde20200624-065022.jpg
2020-06-24 06:50:24,092 Running job Every 1.0 second do i_capture('clyde') (last run: 2020-06-24 06:50:23, next run: 2020-06-24 06:50:24)
2020-06-24 06:50:24,619 File name: /home/pi/RPi-Ardunio/clyde20200624-065024.jpg
2020-06-25 11:28:18,909 Start
2020-06-25 11:28:21,563 Running job Every 1.0 second do i_capture('RSK25Jun') (last run: [never], next run: 2020-06-25 11:28:20)
2020-06-25 11:28:22,168 File name: /home/pi/RPi-Ardunio/RSK25Jun20200625-112821.jpg
2020-06-25 11:28:23,171 Running job Every 1.0 second do i_capture('RSK25Jun') (last run: 2020-06-25 11:28:22, next run: 2020-06-25 11:28:23)
2020-06-25 11:28:23,729 File name: /home/pi/RPi-Ardunio/RSK25Jun20200625-112823.jpg
2020-06-25 11:28:24,735 Running job Every 1.0 second do i_capture('RSK25Jun') (last run: 2020-06-25 11:28:23, next run: 2020-06-25 11:28:24)
2020-06-25 11:28:25,297 File name: /home/pi/RPi-Ardunio/RSK25Jun20200625-112824.jpg
2020-06-25 11:28:26,299 Running job Every 1.0 second do i_capture('RSK25Jun') (last run: 2020-06-25 11:28:25, next run: 2020-06-25 11:28:26)
2020-06-25 11:28:26,873 File name: /home/pi/RPi-Ardunio/RSK25Jun20200625-112826.jpg
2020-06-25 11:28:27,884 Running job Every 1.0 second do i_capture('RSK25Jun') (last run: 2020-06-25 11:28:26, next run: 2020-06-25 11:28:27)
2020-06-25 11:28:28,442 File name: /home/pi/RPi-Ardunio/RSK25Jun20200625-112827.jpg
2020-06-25 11:28:29,445 Running job Every 1.0 second do i_capture('RSK25Jun') (last run: 2020-06-25 11:28:28, next run: 2020-06-25 11:28:29)
2020-06-25 11:28:30,017 File name: /home/pi/RPi-Ardunio/RSK25Jun20200625-112829.jpg
2020-06-25 11:28:31,035 Running job Every 1.0 second do i_capture('RSK25Jun') (last run: 2020-06-25 11:28:30, next run: 2020-06-25 11:28:31)
2020-06-25 11:28:31,586 File name: /home/pi/RPi-Ardunio/RSK25Jun20200625-112831.jpg
2020-06-25 11:32:28,754 Start
2020-06-25 11:32:31,346 Running job Every 1.0 second do i_capture('C_vnc_25Jun') (last run: [never], next run: 2020-06-25 11:32:30)
2020-06-25 11:32:32,075 File name: /home/pi/RPi-Ardunio/C_vnc_25Jun20200625-113231.jpg
2020-06-25 11:32:33,082 Running job Every 1.0 second do i_capture('C_vnc_25Jun') (last run: 2020-06-25 11:32:32, next run: 2020-06-25 11:32:33)
2020-06-25 11:32:33,828 File name: /home/pi/RPi-Ardunio/C_vnc_25Jun20200625-113233.jpg
2020-06-25 11:32:34,853 Running job Every 1.0 second do i_capture('C_vnc_25Jun') (last run: 2020-06-25 11:32:33, next run: 2020-06-25 11:32:34)
2020-06-25 11:32:35,577 File name: /home/pi/RPi-Ardunio/C_vnc_25Jun20200625-113234.jpg
2020-06-25 11:32:36,635 Running job Every 1.0 second do i_capture('C_vnc_25Jun') (last run: 2020-06-25 11:32:35, next run: 2020-06-25 11:32:36)
2020-06-25 11:32:37,374 File name: /home/pi/RPi-Ardunio/C_vnc_25Jun20200625-113236.jpg
2020-06-25 11:32:38,381 Running job Every 1.0 second do i_capture('C_vnc_25Jun') (last run: 2020-06-25 11:32:37, next run: 2020-06-25 11:32:38)
2020-06-25 11:32:39,034 File name: /home/pi/RPi-Ardunio/C_vnc_25Jun20200625-113238.jpg
2020-06-25 11:32:40,053 Running job Every 1.0 second do i_capture('C_vnc_25Jun') (last run: 2020-06-25 11:32:39, next run: 2020-06-25 11:32:40)
2020-06-25 11:32:40,708 File name: /home/pi/RPi-Ardunio/C_vnc_25Jun20200625-113240.jpg
