#
# A fatal error has been detected by the Java Runtime Environment:
#
#  EXCEPTION_STACK_OVERFLOW (0xc00000fd) at pc=0x6400b9a3, pid=13728, tid=0x000026b0
#
# JRE version: Java(TM) SE Runtime Environment (8.0_121-b13) (build 1.8.0_121-b13)
# Java VM: Java HotSpot(TM) Client VM (25.121-b13 mixed mode windows-x86 )
# Problematic frame:
# C  [jSSC-2.8_x86.dll+0xb9a3]
#
# Failed to write core dump. Minidumps are not enabled by default on client versions of Windows
#
# If you would like to submit a bug report, please visit:
#   http://bugreport.java.com/bugreport/crash.jsp
# The crash happened outside the Java Virtual Machine in native code.
# See problematic frame for where to report the bug.
#

---------------  T H R E A D  ---------------

Current thread (0x2a0d5400):  JavaThread "EventThread COM3" [_thread_in_native, id=9904, stack(0x03200000,0x03250000)]

siginfo: ExceptionCode=0xc00000fd, ExceptionInformation=0x00000001 0x03200480 

Registers:
EAX=0x00280600, EBX=0x27270130, ECX=0x03200480, EDX=0x00000000
ESP=0x0324f474, EBP=0x0324f4d8, ESI=0x2a0d5540, EDI=0x27270144
EIP=0x6400b9a3, EFLAGS=0x00010202

Top of Stack: (sp=0x0324f474)
0x0324f474:   002ce600 00000000 64001739 00000014
0x0324f484:   00000000 00000000 00000000 00000000
0x0324f494:   00000000 27fc50b4 272702f0 2a0d5540
0x0324f4a4:   00000000 00000b00 27270048 00000014
0x0324f4b4:   00000000 017789d8 00000064 00140018
0x0324f4c4:   00000000 00000000 00000000 002ce600
0x0324f4d4:   2a0d5400 0324f508 039aed25 2a0d5540
0x0324f4e4:   0324f4f4 00000b00 00000000 002ce600 

Instructions: (pc=0x6400b9a3)
0x6400b983:   fd ff ff eb 91 90 90 90 90 90 90 90 90 51 50 3d
0x6400b993:   00 10 00 00 8d 4c 24 0c 72 15 81 e9 00 10 00 00
0x6400b9a3:   83 09 00 2d 00 10 00 00 3d 00 10 00 00 77 eb 29
0x6400b9b3:   c1 83 09 00 58 59 c3 90 90 8b 44 24 04 c7 00 ff 


Register to memory mapping:

EAX=0x00280600 is an unknown value
EBX=0x27270130 is an unknown value
ECX=0x03200480 is pointing into the stack for thread: 0x2a0d5400
EDX=0x00000000 is an unknown value
ESP=0x0324f474 is pointing into the stack for thread: 0x2a0d5400
EBP=0x0324f4d8 is pointing into the stack for thread: 0x2a0d5400
ESI=0x2a0d5540 is an unknown value
EDI=0x27270144 is an unknown value


Stack: [0x03200000,0x03250000],  sp=0x0324f474,  free space=317k
Native frames: (J=compiled Java code, j=interpreted, Vv=VM code, C=native code)
C  [jSSC-2.8_x86.dll+0xb9a3]
J 2440  jssc.SerialNativeInterface.readBytes(JI)[B (0 bytes) @ 0x039aed25 [0x039aec90+0x95]
J 5047 C1 processing.app.Serial.serialEvent(Ljssc/SerialPortEvent;)V (195 bytes) @ 0x038fd474 [0x038fd340+0x134]
J 2678% C1 jssc.SerialPort$EventThread.run()V (84 bytes) @ 0x037bca7c [0x037bc900+0x17c]
v  ~StubRoutines::call_stub
V  [jvm.dll+0x15aa85]
V  [jvm.dll+0x220d7e]
V  [jvm.dll+0x15ab1e]
V  [jvm.dll+0x15aca6]
V  [jvm.dll+0x15ad17]
V  [jvm.dll+0xff20f]
V  [jvm.dll+0x17d800]
V  [jvm.dll+0x17e07a]
V  [jvm.dll+0x1c2ae6]
C  [msvcr100.dll+0x5c556]
C  [msvcr100.dll+0x5c600]
C  [KERNEL32.DLL+0x162c4]
C  [ntdll.dll+0x60fd9]
C  [ntdll.dll+0x60fa4]
C  0x00000000

Java frames: (J=compiled Java code, j=interpreted, Vv=VM code)
J 2440  jssc.SerialNativeInterface.readBytes(JI)[B (0 bytes) @ 0x039aece1 [0x039aec90+0x51]
J 5047 C1 processing.app.Serial.serialEvent(Ljssc/SerialPortEvent;)V (195 bytes) @ 0x038fd474 [0x038fd340+0x134]
J 2678% C1 jssc.SerialPort$EventThread.run()V (84 bytes) @ 0x037bca7c [0x037bc900+0x17c]
v  ~StubRoutines::call_stub

---------------  P R O C E S S  ---------------

Java Threads: ( => current thread )
  0x2a0d5c00 JavaThread "Timer-2" [_thread_blocked, id=13336, stack(0x01580000,0x015d0000)]
=>0x2a0d5400 JavaThread "EventThread COM3" [_thread_in_native, id=9904, stack(0x03200000,0x03250000)]
  0x2a0d3400 JavaThread "DestroyJavaVM" [_thread_blocked, id=13244, stack(0x03030000,0x03080000)]
  0x27a37000 JavaThread "TimerQueue" daemon [_thread_blocked, id=13372, stack(0x29f70000,0x29fc0000)]
  0x27a35800 JavaThread "AWT-EventQueue-0" [_thread_in_native, id=1924, stack(0x29120000,0x29170000)]
  0x27a37400 JavaThread "AWT-Shutdown" [_thread_blocked, id=1144, stack(0x28d60000,0x28db0000)]
  0x27a34400 JavaThread "Batik CleanerThread" daemon [_thread_blocked, id=11376, stack(0x030c0000,0x03110000)]
  0x27a36400 JavaThread "Timer-0" [_thread_blocked, id=12472, stack(0x26fe0000,0x27030000)]
  0x279ee000 JavaThread "Multihomed mDNS.Timer" daemon [_thread_blocked, id=9388, stack(0x283d0000,0x28420000)]
  0x279ecc00 JavaThread "cc.arduino.packages.discoverers.serial.SerialBoardsLister" [_thread_blocked, id=2020, stack(0x27620000,0x27670000)]
  0x26636c00 JavaThread "AWT-Windows" daemon [_thread_in_native, id=7432, stack(0x26b20000,0x26b70000)]
  0x26635400 JavaThread "Java2D Disposer" daemon [_thread_blocked, id=9564, stack(0x26a00000,0x26a50000)]
  0x25d23400 JavaThread "Service Thread" daemon [_thread_blocked, id=3556, stack(0x262f0000,0x26340000)]
  0x25d2bc00 JavaThread "C1 CompilerThread0" daemon [_thread_blocked, id=12224, stack(0x26260000,0x262b0000)]
  0x25d2a000 JavaThread "Attach Listener" daemon [_thread_blocked, id=13576, stack(0x261d0000,0x26220000)]
  0x25d28000 JavaThread "Signal Dispatcher" daemon [_thread_blocked, id=11292, stack(0x26140000,0x26190000)]
  0x25d0a400 JavaThread "Finalizer" daemon [_thread_blocked, id=12328, stack(0x25fc0000,0x26010000)]
  0x25cf4400 JavaThread "Reference Handler" daemon [_thread_blocked, id=11852, stack(0x25f30000,0x25f80000)]

Other Threads:
  0x02f7e000 VMThread [stack: 0x25ca0000,0x25cf0000] [id=8524]
  0x25d35000 WatcherThread [stack: 0x26380000,0x263d0000] [id=12128]

VM state:not at safepoint (normal execution)

VM Mutex/Monitor currently owned by a thread: None

Heap:
 def new generation   total 39424K, used 10704K [0x05800000, 0x082c0000, 0x102a0000)
  eden space 35072K,  27% used [0x05800000, 0x061738b8, 0x07a40000)
  from space 4352K,  23% used [0x07e80000, 0x07f807f0, 0x082c0000)
  to   space 4352K,   0% used [0x07a40000, 0x07a40000, 0x07e80000)
 tenured generation   total 87424K, used 47334K [0x102a0000, 0x15800000, 0x25800000)
   the space 87424K,  54% used [0x102a0000, 0x130d9988, 0x130d9a00, 0x15800000)
 Metaspace       used 18975K, capacity 19440K, committed 19456K, reserved 19840K

Card table byte_map: [0x05620000,0x05730000] byte_map_base: 0x055f4000

Polling page: 0x01760000

CodeCache: size=32768Kb used=2005Kb max_used=4282Kb free=30762Kb
 bounds [0x035a0000, 0x039d0000, 0x055a0000]
 total_blobs=1228 nmethods=951 adapters=206
 compilation: enabled

Compilation events (10 events):
Event: 4145.018 Thread 0x25d2bc00 5122             sun.awt.NullComponentPeer::getInsets (5 bytes)
Event: 4145.019 Thread 0x25d2bc00 nmethod 5122 0x038bd6c8 code [0x038bd7c0, 0x038bd880]
Event: 4145.814 Thread 0x25d2bc00 5123             java.util.concurrent.locks.ReentrantLock$NonfairSync::tryAcquire (6 bytes)
Event: 4145.815 Thread 0x25d2bc00 nmethod 5123 0x038bc348 code [0x038bc440, 0x038bc4cc]
Event: 4146.002 Thread 0x25d2bc00 5124             java.security.AccessControlContext::<init> (30 bytes)
Event: 4146.002 Thread 0x25d2bc00 nmethod 5124 0x038de948 code [0x038dea40, 0x038deb00]
Event: 4146.582 Thread 0x25d2bc00 5125             java.util.EnumMap::keySet (26 bytes)
Event: 4146.583 Thread 0x25d2bc00 nmethod 5125 0x038c2c48 code [0x038c2d40, 0x038c2e20]
Event: 4146.683 Thread 0x25d2bc00 5126             java.awt.geom.RectangularShape::<init> (5 bytes)
Event: 4146.683 Thread 0x25d2bc00 nmethod 5126 0x038bc188 code [0x038bc280, 0x038bc300]

GC Heap History (10 events):
Event: 1334.057 GC heap before
{Heap before GC invocations=25 (full 1):
 def new generation   total 39424K, used 39424K [0x05800000, 0x082c0000, 0x102a0000)
  eden space 35072K, 100% used [0x05800000, 0x07a40000, 0x07a40000)
  from space 4352K, 100% used [0x07a40000, 0x07e80000, 0x07e80000)
  to   space 4352K,   0% used [0x07e80000, 0x07e80000, 0x082c0000)
 tenured generation   total 87424K, used 42982K [0x102a0000, 0x15800000, 0x25800000)
   the space 87424K,  49% used [0x102a0000, 0x12c99b90, 0x12c99c00, 0x15800000)
 Metaspace       used 18963K, capacity 19408K, committed 19456K, reserved 19840K
Event: 1334.078 GC heap after
Heap after GC invocations=26 (full 1):
 def new generation   total 39424K, used 159K [0x05800000, 0x082c0000, 0x102a0000)
  eden space 35072K,   0% used [0x05800000, 0x05800000, 0x07a40000)
  from space 4352K,   3% used [0x07e80000, 0x07ea7c18, 0x082c0000)
  to   space 4352K,   0% used [0x07a40000, 0x07a40000, 0x07e80000)
 tenured generation   total 87424K, used 47334K [0x102a0000, 0x15800000, 0x25800000)
   the space 87424K,  54% used [0x102a0000, 0x130d9988, 0x130d9a00, 0x15800000)
 Metaspace       used 18963K, capacity 19408K, committed 19456K, reserved 19840K
}
Event: 1406.934 GC heap before
{Heap before GC invocations=26 (full 1):
 def new generation   total 39424K, used 35231K [0x05800000, 0x082c0000, 0x102a0000)
  eden space 35072K, 100% used [0x05800000, 0x07a40000, 0x07a40000)
  from space 4352K,   3% used [0x07e80000, 0x07ea7c18, 0x082c0000)
  to   space 4352K,   0% used [0x07a40000, 0x07a40000, 0x07e80000)
 tenured generation   total 87424K, used 47334K [0x102a0000, 0x15800000, 0x25800000)
   the space 87424K,  54% used [0x102a0000, 0x130d9988, 0x130d9a00, 0x15800000)
 Metaspace       used 18963K, capacity 19408K, committed 19456K, reserved 19840K
Event: 1406.943 GC heap after
Heap after GC invocations=27 (full 1):
 def new generation   total 39424K, used 325K [0x05800000, 0x082c0000, 0x102a0000)
  eden space 35072K,   0% used [0x05800000, 0x05800000, 0x07a40000)
  from space 4352K,   7% used [0x07a40000, 0x07a91458, 0x07e80000)
  to   space 4352K,   0% used [0x07e80000, 0x07e80000, 0x082c0000)
 tenured generation   total 87424K, used 47334K [0x102a0000, 0x15800000, 0x25800000)
   the space 87424K,  54% used [0x102a0000, 0x130d9988, 0x130d9a00, 0x15800000)
 Metaspace       used 18963K, capacity 19408K, committed 19456K, reserved 19840K
}
Event: 1508.745 GC heap before
{Heap before GC invocations=27 (full 1):
 def new generation   total 39424K, used 35397K [0x05800000, 0x082c0000, 0x102a0000)
  eden space 35072K, 100% used [0x05800000, 0x07a40000, 0x07a40000)
  from space 4352K,   7% used [0x07a40000, 0x07a91458, 0x07e80000)
  to   space 4352K,   0% used [0x07e80000, 0x07e80000, 0x082c0000)
 tenured generation   total 87424K, used 47334K [0x102a0000, 0x15800000, 0x25800000)
   the space 87424K,  54% used [0x102a0000, 0x130d9988, 0x130d9a00, 0x15800000)
 Metaspace       used 18963K, capacity 19408K, committed 19456K, reserved 19840K
Event: 1508.747 GC heap after
Heap after GC invocations=28 (full 1):
 def new generation   total 39424K, used 551K [0x05800000, 0x082c0000, 0x102a0000)
  eden space 35072K,   0% used [0x05800000, 0x05800000, 0x07a40000)
  from space 4352K,  12% used [0x07e80000, 0x07f09f68, 0x082c0000)
  to   space 4352K,   0% used [0x07a40000, 0x07a40000, 0x07e80000)
 tenured generation   total 87424K, used 47334K [0x102a0000, 0x15800000, 0x25800000)
   the space 87424K,  54% used [0x102a0000, 0x130d9988, 0x130d9a00, 0x15800000)
 Metaspace       used 18963K, capacity 19408K, committed 19456K, reserved 19840K
}
Event: 1611.461 GC heap before
{Heap before GC invocations=28 (full 1):
 def new generation   total 39424K, used 35623K [0x05800000, 0x082c0000, 0x102a0000)
  eden space 35072K, 100% used [0x05800000, 0x07a40000, 0x07a40000)
  from space 4352K,  12% used [0x07e80000, 0x07f09f68, 0x082c0000)
  to   space 4352K,   0% used [0x07a40000, 0x07a40000, 0x07e80000)
 tenured generation   total 87424K, used 47334K [0x102a0000, 0x15800000, 0x25800000)
   the space 87424K,  54% used [0x102a0000, 0x130d9988, 0x130d9a00, 0x15800000)
 Metaspace       used 18963K, capacity 19408K, committed 19456K, reserved 19840K
Event: 1611.469 GC heap after
Heap after GC invocations=29 (full 1):
 def new generation   total 39424K, used 782K [0x05800000, 0x082c0000, 0x102a0000)
  eden space 35072K,   0% used [0x05800000, 0x05800000, 0x07a40000)
  from space 4352K,  17% used [0x07a40000, 0x07b038f0, 0x07e80000)
  to   space 4352K,   0% used [0x07e80000, 0x07e80000, 0x082c0000)
 tenured generation   total 87424K, used 47334K [0x102a0000, 0x15800000, 0x25800000)
   the space 87424K,  54% used [0x102a0000, 0x130d9988, 0x130d9a00, 0x15800000)
 Metaspace       used 18963K, capacity 19408K, committed 19456K, reserved 19840K
}
Event: 4122.189 GC heap before
{Heap before GC invocations=29 (full 1):
 def new generation   total 39424K, used 35854K [0x05800000, 0x082c0000, 0x102a0000)
  eden space 35072K, 100% used [0x05800000, 0x07a40000, 0x07a40000)
  from space 4352K,  17% used [0x07a40000, 0x07b038f0, 0x07e80000)
  to   space 4352K,   0% used [0x07e80000, 0x07e80000, 0x082c0000)
 tenured generation   total 87424K, used 47334K [0x102a0000, 0x15800000, 0x25800000)
   the space 87424K,  54% used [0x102a0000, 0x130d9988, 0x130d9a00, 0x15800000)
 Metaspace       used 18975K, capacity 19440K, committed 19456K, reserved 19840K
Event: 4122.197 GC heap after
Heap after GC invocations=30 (full 1):
 def new generation   total 39424K, used 1025K [0x05800000, 0x082c0000, 0x102a0000)
  eden space 35072K,   0% used [0x05800000, 0x05800000, 0x07a40000)
  from space 4352K,  23% used [0x07e80000, 0x07f807f0, 0x082c0000)
  to   space 4352K,   0% used [0x07a40000, 0x07a40000, 0x07e80000)
 tenured generation   total 87424K, used 47334K [0x102a0000, 0x15800000, 0x25800000)
   the space 87424K,  54% used [0x102a0000, 0x130d9988, 0x130d9a00, 0x15800000)
 Metaspace       used 18975K, capacity 19440K, committed 19456K, reserved 19840K
}

Deoptimization events (0 events):
No events

Internal exceptions (10 events):
Event: 68.331 Thread 0x2a0d7400 Exception <a 'sun/nio/fs/WindowsException'> (0x067cdaf0) thrown at [C:\workspace\8-2-build-windows-i586-cygwin\jdk8u121\8372\hotspot\src\share\vm\prims\jni.cpp, line 709]
Event: 68.331 Thread 0x2a0d7400 Exception <a 'sun/nio/fs/WindowsException'> (0x067ce0f8) thrown at [C:\workspace\8-2-build-windows-i586-cygwin\jdk8u121\8372\hotspot\src\share\vm\prims\jni.cpp, line 709]
Event: 68.334 Thread 0x2a0d7400 Exception <a 'sun/nio/fs/WindowsException'> (0x067da020) thrown at [C:\workspace\8-2-build-windows-i586-cygwin\jdk8u121\8372\hotspot\src\share\vm\prims\jni.cpp, line 709]
Event: 68.334 Thread 0x2a0d7400 Exception <a 'sun/nio/fs/WindowsException'> (0x067da5d8) thrown at [C:\workspace\8-2-build-windows-i586-cygwin\jdk8u121\8372\hotspot\src\share\vm\prims\jni.cpp, line 709]
Event: 68.335 Thread 0x2a0d7400 Exception <a 'sun/nio/fs/WindowsException'> (0x067ee3d0) thrown at [C:\workspace\8-2-build-windows-i586-cygwin\jdk8u121\8372\hotspot\src\share\vm\prims\jni.cpp, line 709]
Event: 68.335 Thread 0x2a0d7400 Exception <a 'sun/nio/fs/WindowsException'> (0x067ee960) thrown at [C:\workspace\8-2-build-windows-i586-cygwin\jdk8u121\8372\hotspot\src\share\vm\prims\jni.cpp, line 709]
Event: 4128.394 Thread 0x27a32400 Exception <a 'java/net/SocketException': socket closed> (0x05abcc30) thrown at [C:\workspace\8-2-build-windows-i586-cygwin\jdk8u121\8372\hotspot\src\share\vm\prims\jni.cpp, line 735]
Event: 4134.440 Thread 0x27a3a800 Exception <a 'java/net/SocketException': socket closed> (0x05cd5430) thrown at [C:\workspace\8-2-build-windows-i586-cygwin\jdk8u121\8372\hotspot\src\share\vm\prims\jni.cpp, line 735]
Event: 4140.485 Thread 0x27a34800 Exception <a 'java/net/SocketException': socket closed> (0x05f4f0f8) thrown at [C:\workspace\8-2-build-windows-i586-cygwin\jdk8u121\8372\hotspot\src\share\vm\prims\jni.cpp, line 735]
Event: 4146.513 Thread 0x27a33c00 Exception <a 'java/net/SocketException': socket closed> (0x0616b400) thrown at [C:\workspace\8-2-build-windows-i586-cygwin\jdk8u121\8372\hotspot\src\share\vm\prims\jni.cpp, line 735]

Events (10 events):
Event: 4144.630 Thread 0x25d2bc00 flushing nmethod 0x0371ba48
Event: 4144.630 Thread 0x25d2bc00 flushing nmethod 0x038bd748
Event: 4144.630 Thread 0x25d2bc00 flushing nmethod 0x038d32c8
Event: 4144.630 Thread 0x25d2bc00 flushing nmethod 0x038de948
Event: 4144.630 Thread 0x25d2bc00 flushing nmethod 0x038e1788
Event: 4146.002 Thread 0x25d2bc00 flushing nmethod 0x038bc148
Event: 4146.002 Thread 0x25d2bc00 flushing nmethod 0x038c2ac8
Event: 4146.002 Thread 0x25d2bc00 flushing nmethod 0x038e1508
Event: 4146.513 Thread 0x27a33800 Thread exited: 0x27a33800
Event: 4146.513 Thread 0x27a33c00 Thread exited: 0x27a33c00


Dynamic libraries:
0x00980000 - 0x009b3000 	C:\Program Files (x86)\Arduino\java\bin\javaw.exe
0x770a0000 - 0x77223000 	C:\Windows\SYSTEM32\ntdll.dll
0x752c0000 - 0x753a0000 	C:\Windows\System32\KERNEL32.DLL
0x73d50000 - 0x73ef1000 	C:\Windows\System32\KERNELBASE.dll
0x75520000 - 0x75597000 	C:\Windows\System32\ADVAPI32.dll
0x753a0000 - 0x7545e000 	C:\Windows\System32\msvcrt.dll
0x745c0000 - 0x74601000 	C:\Windows\System32\sechost.dll
0x75a00000 - 0x75ac1000 	C:\Windows\System32\RPCRT4.dll
0x73b60000 - 0x73b7e000 	C:\Windows\System32\SspiCli.dll
0x73b50000 - 0x73b5a000 	C:\Windows\System32\CRYPTBASE.dll
0x755a0000 - 0x755fa000 	C:\Windows\System32\bcryptPrimitives.dll
0x75870000 - 0x759cf000 	C:\Windows\System32\USER32.dll
0x75150000 - 0x75165000 	C:\Windows\System32\win32u.dll
0x73b90000 - 0x73bbb000 	C:\Windows\System32\GDI32.dll
0x73f00000 - 0x7405a000 	C:\Windows\System32\gdi32full.dll
0x73230000 - 0x7343a000 	C:\Windows\WinSxS\x86_microsoft.windows.common-controls_6595b64144ccf1df_6.0.14393.953_none_89c2555adb023171\COMCTL32.dll
0x74610000 - 0x74821000 	C:\Windows\System32\combase.dll
0x73bc0000 - 0x73ca0000 	C:\Windows\System32\ucrtbase.dll
0x759d0000 - 0x759f5000 	C:\Windows\System32\IMM32.DLL
0x715a0000 - 0x7165f000 	C:\Program Files (x86)\Arduino\java\bin\msvcr100.dll
0x57380000 - 0x5774e000 	C:\Program Files (x86)\Arduino\java\bin\client\jvm.dll
0x73b80000 - 0x73b86000 	C:\Windows\System32\PSAPI.DLL
0x71ec0000 - 0x71ec8000 	C:\Windows\SYSTEM32\WSOCK32.dll
0x71e90000 - 0x71eb4000 	C:\Windows\SYSTEM32\WINMM.dll
0x72c00000 - 0x72c08000 	C:\Windows\SYSTEM32\VERSION.dll
0x740e0000 - 0x74143000 	C:\Windows\System32\WS2_32.dll
0x02d60000 - 0x02d83000 	C:\Windows\SYSTEM32\WINMMBASE.dll
0x73ca0000 - 0x73cd6000 	C:\Windows\System32\cfgmgr32.dll
0x66ef0000 - 0x66f21000 	C:\Program Files (x86)\Arduino\java\bin\splashscreen.dll
0x728c0000 - 0x72935000 	C:\Windows\system32\uxtheme.dll
0x71590000 - 0x7159c000 	C:\Program Files (x86)\Arduino\java\bin\verify.dll
0x75010000 - 0x75145000 	C:\Windows\System32\MSCTF.dll
0x75200000 - 0x75294000 	C:\Windows\System32\OLEAUT32.dll
0x74060000 - 0x740db000 	C:\Windows\System32\msvcp_win.dll
0x589c0000 - 0x589e1000 	C:\Program Files (x86)\Arduino\java\bin\java.dll
0x77040000 - 0x7704d000 	C:\Windows\System32\kernel.appcore.dll
0x712e0000 - 0x712f3000 	C:\Program Files (x86)\Arduino\java\bin\zip.dll
0x75bc0000 - 0x76f98000 	C:\Windows\System32\SHELL32.dll
0x74830000 - 0x74d9e000 	C:\Windows\System32\windows.storage.dll
0x74570000 - 0x745b5000 	C:\Windows\System32\powrprof.dll
0x73d00000 - 0x73d46000 	C:\Windows\System32\shlwapi.dll
0x75170000 - 0x751f8000 	C:\Windows\System32\shcore.dll
0x752b0000 - 0x752bf000 	C:\Windows\System32\profapi.dll
0x61940000 - 0x619b2000 	C:\Program Files (x86)\Arduino\lib\listSerialsj.dll
0x74160000 - 0x7456b000 	C:\Windows\System32\SETUPAPI.dll
0x589a0000 - 0x589bd000 	C:\Program Files (x86)\Arduino\lib\jnidispatch-4.2.2-win32-x86.dll
0x75ad0000 - 0x75bbc000 	C:\Windows\System32\Ole32.dll
0x58960000 - 0x58976000 	C:\Program Files (x86)\Arduino\java\bin\net.dll
0x73a50000 - 0x73a9e000 	C:\Windows\system32\mswsock.dll
0x70f80000 - 0x70f8f000 	C:\Program Files (x86)\Arduino\java\bin\nio.dll
0x58810000 - 0x58956000 	C:\Program Files (x86)\Arduino\java\bin\awt.dll
0x73920000 - 0x739b2000 	C:\Windows\SYSTEM32\apphelp.dll
0x72520000 - 0x7253f000 	C:\Windows\system32\dwmapi.dll
0x58180000 - 0x581b9000 	C:\Program Files (x86)\Arduino\java\bin\fontmanager.dll
0x6fac0000 - 0x6fba0000 	C:\Windows\system32\opengl32.dll
0x6f9a0000 - 0x6fa8d000 	C:\Windows\SYSTEM32\DDRAW.dll
0x6fa90000 - 0x6fab5000 	C:\Windows\SYSTEM32\GLU32.dll
0x6f990000 - 0x6f997000 	C:\Windows\SYSTEM32\DCIMAN32.dll
0x58140000 - 0x58172000 	C:\Program Files (x86)\Arduino\java\bin\t2k.dll
0x73830000 - 0x73852000 	C:\Windows\SYSTEM32\DEVOBJ.dll
0x77050000 - 0x77094000 	C:\Windows\System32\WINTRUST.dll
0x75860000 - 0x7586e000 	C:\Windows\System32\MSASN1.dll
0x74e90000 - 0x7500d000 	C:\Windows\System32\CRYPT32.dll
0x73600000 - 0x7362f000 	C:\Windows\SYSTEM32\IPHLPAPI.DLL
0x752a0000 - 0x752a7000 	C:\Windows\System32\NSI.dll
0x71f00000 - 0x71f13000 	C:\Windows\SYSTEM32\dhcpcsvc6.DLL
0x71ee0000 - 0x71ef4000 	C:\Windows\SYSTEM32\dhcpcsvc.DLL
0x73630000 - 0x736ad000 	C:\Windows\SYSTEM32\DNSAPI.dll
0x735f0000 - 0x735f8000 	C:\Windows\System32\rasadhlp.dll
0x735a0000 - 0x735e9000 	C:\Windows\System32\fwpuclnt.dll
0x73580000 - 0x7359b000 	C:\Windows\SYSTEM32\bcrypt.dll
0x580d0000 - 0x58139000 	C:\Program Files (x86)\Arduino\msvcp100.dll
0x58010000 - 0x580ce000 	C:\Program Files (x86)\Arduino\msvcr100.dll
0x28ce0000 - 0x28d12000 	C:\Program Files (x86)\Arduino\lib\AStylej.dll
0x57fe0000 - 0x58004000 	C:\Program Files (x86)\Arduino\java\bin\dcpr.dll
0x74da0000 - 0x74e24000 	C:\Windows\System32\clbcatq.dll
0x68350000 - 0x684be000 	C:\Windows\SYSTEM32\WindowsCodecs.dll
0x70f30000 - 0x70f74000 	C:\Windows\system32\dataexchange.dll
0x68000000 - 0x68230000 	C:\Windows\system32\d3d11.dll
0x68230000 - 0x68343000 	C:\Windows\system32\dcomp.dll
0x70ea0000 - 0x70f23000 	C:\Windows\system32\dxgi.dll
0x67f00000 - 0x67ff1000 	C:\Windows\system32\twinapi.appcore.dll
0x64000000 - 0x6401b000 	C:\Program Files (x86)\Arduino\lib\jSSC-2.8_x86.dll
0x72a50000 - 0x72b95000 	C:\Windows\SYSTEM32\dbghelp.dll

VM Arguments:
jvm_args: -Dsun.java2d.d3d=false -Djna.nosys=true -Djna.nounpack=true -Djna.boot.library.name=jnidispatch-4.2.2-win32-x86 -Djna.boot.library.path=C:\Program Files (x86)\Arduino/lib -Djssc.library.path=C:\Program Files (x86)\Arduino/lib -DAPP_DIR=C:\Program Files (x86)\Arduino -Xms128M -Xmx512M 
java_command: processing.app.Base C:\Users\rsknox\odrive\Google Drive\MicahSSwarm\GC00N1\GC00N1.ino
java_class_path (initial): C:\Program Files (x86)\Arduino\lib\apple.jar;C:\Program Files (x86)\Arduino\lib\arduino-core.jar;C:\Program Files (x86)\Arduino\lib\batik-1.8.jar;C:\Program Files (x86)\Arduino\lib\batik-anim-1.8.jar;C:\Program Files (x86)\Arduino\lib\batik-awt-util-1.8.jar;C:\Program Files (x86)\Arduino\lib\batik-bridge-1.8.jar;C:\Program Files (x86)\Arduino\lib\batik-codec-1.8.jar;C:\Program Files (x86)\Arduino\lib\batik-css-1.8.jar;C:\Program Files (x86)\Arduino\lib\batik-dom-1.8.jar;C:\Program Files (x86)\Arduino\lib\batik-ext-1.8.jar;C:\Program Files (x86)\Arduino\lib\batik-gvt-1.8.jar;C:\Program Files (x86)\Arduino\lib\batik-parser-1.8.jar;C:\Program Files (x86)\Arduino\lib\batik-rasterizer-1.8.jar;C:\Program Files (x86)\Arduino\lib\batik-script-1.8.jar;C:\Program Files (x86)\Arduino\lib\batik-squiggle-1.8.jar;C:\Program Files (x86)\Arduino\lib\batik-svg-dom-1.8.jar;C:\Program Files (x86)\Arduino\lib\batik-svgpp-1.8.jar;C:\Program Files (x86)\Arduino\lib\batik-transcoder-1.8.jar;C:\Program Files (x86)\Arduino\lib\batik-util-1.8.jar;C:\Program Files (x86)\Arduino\lib\batik-xml-1.8.jar;C:\Program Files (x86)\Arduino\lib\bcpg-jdk15on-152.jar;C:\Program Files (x86)\Arduino\lib\bcprov-jdk15on-152.jar;C:\Program Files (x86)\Arduino\lib\commons-codec-1.7.jar;C:\Program Files (x86)\Arduino\lib\commons-compress-1.8.jar;C:\Program Files (x86)\Arduino\lib\commons-exec-1.1.jar;C:\Program Files (x86)\Arduino\lib\commons-httpclient-3.1.jar;C:\Program Files (x86)\Arduino\lib\commons-lang3-3.3.2.jar;C:\Program Files (x86)\Arduino\lib\commons-logging-1.0.4.jar;C:\Program Files (x86)\Arduino\lib\commons-net-3.3.jar;C:\Program Files (x86)\Arduino\lib\jackson-annotations-2.6.3.jar;C:\Program Files (x86)\Arduino\lib\jackson-core-2.6.3.jar;C:\Program Files (x86)\Arduino\lib\jackson-databind-2.6.3.jar;C:\Program Files (x86)\Arduino\lib\jackson-module-mrbean-2.6.3.jar;C:\Program Files (x86)\Arduino\lib\java-semver-0.8.0.jar;C:\Program Files (x86)\Arduino\lib\jmdns-3.5.1.j
Launcher Type: SUN_STANDARD

Environment Variables:
PATH=C:\Program Files (x86)\Intel\iCLS Client\;C:\Program Files\Intel\iCLS Client\;C:\Windows\system32;C:\Windows;C:\Windows\System32\Wbem;C:\Windows\System32\WindowsPowerShell\v1.0\;C:\Program Files (x86)\Intel\Intel(R) Management Engine Components\DAL;C:\Program Files\Intel\Intel(R) Management Engine Components\DAL;C:\Program Files (x86)\Intel\Intel(R) Management Engine Components\IPT;C:\Program Files\Intel\Intel(R) Management Engine Components\IPT;C:\Program Files\Git\cmd;C:\Users\rsknox\AppData\Local\Microsoft\WindowsApps;C:\Program Files (x86)\Arduino\java\bin
USERNAME=rsknox
OS=Windows_NT
PROCESSOR_IDENTIFIER=Intel64 Family 6 Model 142 Stepping 9, GenuineIntel



---------------  S Y S T E M  ---------------

OS: Windows 10.0 , 64 bit Build 14393 (10.0.14393.1198)

CPU:total 4 (2 cores per cpu, 2 threads per core) family 6 model 142 stepping 9, cmov, cx8, fxsr, mmx, sse, sse2, sse3, ssse3, sse4.1, sse4.2, popcnt, avx, avx2, aes, clmul, erms, 3dnowpref, lzcnt, ht, tsc, tscinvbit, bmi1, bmi2, adx

Memory: 4k page, physical 8270972k(5116068k free), swap 11547772k(7762688k free)

vm_info: Java HotSpot(TM) Client VM (25.121-b13) for windows-x86 JRE (1.8.0_121-b13), built on Dec 12 2016 18:17:00 by "java_re" with MS VC++ 10.0 (VS2010)

time: Mon Jul 10 16:53:34 2017
elapsed time: 7207 seconds (0d 2h 0m 7s)

