2020-07-21 13:08:19,815 Calibration start
2020-07-21 13:08:19,841 Targets read and returned: [['r', '2000', '0'], ['t', '0', '-500', '-500', '86'], ['t', '1', '-0', '0', '86'], ['t', '2', '-750', '500', '86'], ['t', '3', '-250', '3500', '86'], ['t', '4', '0', '4000', '86'], ['t', '5', '-500', '4500', '86'], ['t', '6', '3500', '4250', '86'], ['t', '7', '4000', '4000', '86'], ['t', '8', '4250', '3750', '86'], ['t', '9', '4400', '250', '86'], ['t', '10', '4000', '0', '86'], ['t', '11', '3800', '-250', '86']]
2020-07-21 13:08:19,843 Targets from csv file: [['r', '2000', '0'], ['t', '0', '-500', '-500', '86'], ['t', '1', '-0', '0', '86'], ['t', '2', '-750', '500', '86'], ['t', '3', '-250', '3500', '86'], ['t', '4', '0', '4000', '86'], ['t', '5', '-500', '4500', '86'], ['t', '6', '3500', '4250', '86'], ['t', '7', '4000', '4000', '86'], ['t', '8', '4250', '3750', '86'], ['t', '9', '4400', '250', '86'], ['t', '10', '4000', '0', '86'], ['t', '11', '3800', '-250', '86']]
2020-07-21 13:08:21,907 90 degrees
2020-07-21 13:08:22,415 File name: /home/pi/RPi-Ardunio/Robot/RPiCode/Images/ca2020l072020200721-13:08:21.908896.jpg
2020-07-21 13:08:22,426 Calibration image file: /home/pi/RPi-Ardunio/Robot/RPiCode/Images/ca2020l072020200721-13:08:21.908896.jpg
2020-07-21 13:08:25,140 ctrl-c detected
2020-07-21 13:22:31,468 Calibration start
2020-07-21 13:22:31,471 Targets read and returned: [['r', '2000', '0'], ['t', '0', '-500', '-500', '86'], ['t', '1', '-0', '0', '86'], ['t', '2', '-750', '500', '86'], ['t', '3', '-250', '3500', '86'], ['t', '4', '0', '4000', '86'], ['t', '5', '-500', '4500', '86'], ['t', '6', '3500', '4250', '86'], ['t', '7', '4000', '4000', '86'], ['t', '8', '4250', '3750', '86'], ['t', '9', '4400', '250', '86'], ['t', '10', '4000', '0', '86'], ['t', '11', '3800', '-250', '86']]
2020-07-21 13:22:31,472 Targets from csv file: [['r', '2000', '0'], ['t', '0', '-500', '-500', '86'], ['t', '1', '-0', '0', '86'], ['t', '2', '-750', '500', '86'], ['t', '3', '-250', '3500', '86'], ['t', '4', '0', '4000', '86'], ['t', '5', '-500', '4500', '86'], ['t', '6', '3500', '4250', '86'], ['t', '7', '4000', '4000', '86'], ['t', '8', '4250', '3750', '86'], ['t', '9', '4400', '250', '86'], ['t', '10', '4000', '0', '86'], ['t', '11', '3800', '-250', '86']]
2020-07-21 13:23:13,199 Calibration start
2020-07-21 13:23:13,201 Targets read and returned: [['r', '2000', '0'], ['t', '0', '-500', '-500', '86'], ['t', '1', '-0', '0', '86'], ['t', '2', '-750', '500', '86'], ['t', '3', '-250', '3500', '86'], ['t', '4', '0', '4000', '86'], ['t', '5', '-500', '4500', '86'], ['t', '6', '3500', '4250', '86'], ['t', '7', '4000', '4000', '86'], ['t', '8', '4250', '3750', '86'], ['t', '9', '4400', '250', '86'], ['t', '10', '4000', '0', '86'], ['t', '11', '3800', '-250', '86']]
2020-07-21 13:23:13,203 Targets from csv file: [['r', '2000', '0'], ['t', '0', '-500', '-500', '86'], ['t', '1', '-0', '0', '86'], ['t', '2', '-750', '500', '86'], ['t', '3', '-250', '3500', '86'], ['t', '4', '0', '4000', '86'], ['t', '5', '-500', '4500', '86'], ['t', '6', '3500', '4250', '86'], ['t', '7', '4000', '4000', '86'], ['t', '8', '4250', '3750', '86'], ['t', '9', '4400', '250', '86'], ['t', '10', '4000', '0', '86'], ['t', '11', '3800', '-250', '86']]
2020-07-21 13:25:11,884 Calibration start
2020-07-21 13:25:11,887 Targets read and returned: [['r', '2000', '0'], ['t', '0', '-500', '-500', '86'], ['t', '1', '-0', '0', '86'], ['t', '2', '-750', '500', '86'], ['t', '3', '-250', '3500', '86'], ['t', '4', '0', '4000', '86'], ['t', '5', '-500', '4500', '86'], ['t', '6', '3500', '4250', '86'], ['t', '7', '4000', '4000', '86'], ['t', '8', '4250', '3750', '86'], ['t', '9', '4400', '250', '86'], ['t', '10', '4000', '0', '86'], ['t', '11', '3800', '-250', '86']]
2020-07-21 13:25:11,889 Targets from csv file: [['r', '2000', '0'], ['t', '0', '-500', '-500', '86'], ['t', '1', '-0', '0', '86'], ['t', '2', '-750', '500', '86'], ['t', '3', '-250', '3500', '86'], ['t', '4', '0', '4000', '86'], ['t', '5', '-500', '4500', '86'], ['t', '6', '3500', '4250', '86'], ['t', '7', '4000', '4000', '86'], ['t', '8', '4250', '3750', '86'], ['t', '9', '4400', '250', '86'], ['t', '10', '4000', '0', '86'], ['t', '11', '3800', '-250', '86']]
2020-07-21 13:26:06,608 Calibration start
2020-07-21 13:26:06,610 Targets read and returned: [['r', '2000', '0'], ['t', '0', '-500', '-500', '86'], ['t', '1', '-0', '0', '86'], ['t', '2', '-750', '500', '86'], ['t', '3', '-250', '3500', '86'], ['t', '4', '0', '4000', '86'], ['t', '5', '-500', '4500', '86'], ['t', '6', '3500', '4250', '86'], ['t', '7', '4000', '4000', '86'], ['t', '8', '4250', '3750', '86'], ['t', '9', '4400', '250', '86'], ['t', '10', '4000', '0', '86'], ['t', '11', '3800', '-250', '86']]
2020-07-21 13:26:06,611 Targets from csv file: [['r', '2000', '0'], ['t', '0', '-500', '-500', '86'], ['t', '1', '-0', '0', '86'], ['t', '2', '-750', '500', '86'], ['t', '3', '-250', '3500', '86'], ['t', '4', '0', '4000', '86'], ['t', '5', '-500', '4500', '86'], ['t', '6', '3500', '4250', '86'], ['t', '7', '4000', '4000', '86'], ['t', '8', '4250', '3750', '86'], ['t', '9', '4400', '250', '86'], ['t', '10', '4000', '0', '86'], ['t', '11', '3800', '-250', '86']]
2020-07-21 13:28:00,656 Calibration start
2020-07-21 13:28:00,658 Targets read and returned: [['r', '2000', '0'], ['t', '0', '-500', '-500', '86'], ['t', '1', '-0', '0', '86'], ['t', '2', '-750', '500', '86'], ['t', '3', '-250', '3500', '86'], ['t', '4', '0', '4000', '86'], ['t', '5', '-500', '4500', '86'], ['t', '6', '3500', '4250', '86'], ['t', '7', '4000', '4000', '86'], ['t', '8', '4250', '3750', '86'], ['t', '9', '4400', '250', '86'], ['t', '10', '4000', '0', '86'], ['t', '11', '3800', '-250', '86']]
2020-07-21 13:28:00,659 Targets from csv file: [['r', '2000', '0'], ['t', '0', '-500', '-500', '86'], ['t', '1', '-0', '0', '86'], ['t', '2', '-750', '500', '86'], ['t', '3', '-250', '3500', '86'], ['t', '4', '0', '4000', '86'], ['t', '5', '-500', '4500', '86'], ['t', '6', '3500', '4250', '86'], ['t', '7', '4000', '4000', '86'], ['t', '8', '4250', '3750', '86'], ['t', '9', '4400', '250', '86'], ['t', '10', '4000', '0', '86'], ['t', '11', '3800', '-250', '86']]
2020-07-21 13:29:55,577 Calibration start
2020-07-21 13:29:55,579 Targets read and returned: [['r', '2000', '0'], ['t', '0', '-500', '-500', '86'], ['t', '1', '-0', '0', '86'], ['t', '2', '-750', '500', '86'], ['t', '3', '-250', '3500', '86'], ['t', '4', '0', '4000', '86'], ['t', '5', '-500', '4500', '86'], ['t', '6', '3500', '4250', '86'], ['t', '7', '4000', '4000', '86'], ['t', '8', '4250', '3750', '86'], ['t', '9', '4400', '250', '86'], ['t', '10', '4000', '0', '86'], ['t', '11', '3800', '-250', '86']]
2020-07-21 13:29:55,580 Targets from csv file: [['r', '2000', '0'], ['t', '0', '-500', '-500', '86'], ['t', '1', '-0', '0', '86'], ['t', '2', '-750', '500', '86'], ['t', '3', '-250', '3500', '86'], ['t', '4', '0', '4000', '86'], ['t', '5', '-500', '4500', '86'], ['t', '6', '3500', '4250', '86'], ['t', '7', '4000', '4000', '86'], ['t', '8', '4250', '3750', '86'], ['t', '9', '4400', '250', '86'], ['t', '10', '4000', '0', '86'], ['t', '11', '3800', '-250', '86']]
2020-07-21 13:31:03,769 Calibration start
2020-07-21 13:31:03,772 Targets read and returned: [['r', '2000', '0'], ['t', '0', '-500', '-500', '86'], ['t', '1', '-0', '0', '86'], ['t', '2', '-750', '500', '86'], ['t', '3', '-250', '3500', '86'], ['t', '4', '0', '4000', '86'], ['t', '5', '-500', '4500', '86'], ['t', '6', '3500', '4250', '86'], ['t', '7', '4000', '4000', '86'], ['t', '8', '4250', '3750', '86'], ['t', '9', '4400', '250', '86'], ['t', '10', '4000', '0', '86'], ['t', '11', '3800', '-250', '86']]
2020-07-21 13:31:03,774 Targets from csv file: [['r', '2000', '0'], ['t', '0', '-500', '-500', '86'], ['t', '1', '-0', '0', '86'], ['t', '2', '-750', '500', '86'], ['t', '3', '-250', '3500', '86'], ['t', '4', '0', '4000', '86'], ['t', '5', '-500', '4500', '86'], ['t', '6', '3500', '4250', '86'], ['t', '7', '4000', '4000', '86'], ['t', '8', '4250', '3750', '86'], ['t', '9', '4400', '250', '86'], ['t', '10', '4000', '0', '86'], ['t', '11', '3800', '-250', '86']]
2020-07-21 13:32:36,162 Calibration start
2020-07-21 13:32:36,164 Targets read and returned: [['r', '2000', '0'], ['t', '0', '-500', '-500', '86'], ['t', '1', '-0', '0', '86'], ['t', '2', '-750', '500', '86'], ['t', '3', '-250', '3500', '86'], ['t', '4', '0', '4000', '86'], ['t', '5', '-500', '4500', '86'], ['t', '6', '3500', '4250', '86'], ['t', '7', '4000', '4000', '86'], ['t', '8', '4250', '3750', '86'], ['t', '9', '4400', '250', '86'], ['t', '10', '4000', '0', '86'], ['t', '11', '3800', '-250', '86']]
2020-07-21 13:32:36,165 Targets from csv file: [['r', '2000', '0'], ['t', '0', '-500', '-500', '86'], ['t', '1', '-0', '0', '86'], ['t', '2', '-750', '500', '86'], ['t', '3', '-250', '3500', '86'], ['t', '4', '0', '4000', '86'], ['t', '5', '-500', '4500', '86'], ['t', '6', '3500', '4250', '86'], ['t', '7', '4000', '4000', '86'], ['t', '8', '4250', '3750', '86'], ['t', '9', '4400', '250', '86'], ['t', '10', '4000', '0', '86'], ['t', '11', '3800', '-250', '86']]
2020-07-21 13:32:38,263 90 degrees
2020-07-21 13:32:38,797 File name: /home/pi/RPi-Ardunio/Robot/RPiCode/Images/ca2020l072020200721-13:32:38.265036.jpg
2020-07-21 13:32:38,806 Calibration image file: /home/pi/RPi-Ardunio/Robot/RPiCode/Images/ca2020l072020200721-13:32:38.265036.jpg
2020-07-21 13:32:42,839 ctrl-c detected
2020-07-21 13:34:54,701 Calibration start
2020-07-21 13:34:54,703 Targets read and returned: [['r', '2000', '0'], ['t', '0', '-500', '-500', '86'], ['t', '1', '-0', '0', '86'], ['t', '2', '-750', '500', '86'], ['t', '3', '-250', '3500', '86'], ['t', '4', '0', '4000', '86'], ['t', '5', '-500', '4500', '86'], ['t', '6', '3500', '4250', '86'], ['t', '7', '4000', '4000', '86'], ['t', '8', '4250', '3750', '86'], ['t', '9', '4400', '250', '86'], ['t', '10', '4000', '0', '86'], ['t', '11', '3800', '-250', '86']]
2020-07-21 13:34:54,704 Targets from csv file: [['r', '2000', '0'], ['t', '0', '-500', '-500', '86'], ['t', '1', '-0', '0', '86'], ['t', '2', '-750', '500', '86'], ['t', '3', '-250', '3500', '86'], ['t', '4', '0', '4000', '86'], ['t', '5', '-500', '4500', '86'], ['t', '6', '3500', '4250', '86'], ['t', '7', '4000', '4000', '86'], ['t', '8', '4250', '3750', '86'], ['t', '9', '4400', '250', '86'], ['t', '10', '4000', '0', '86'], ['t', '11', '3800', '-250', '86']]
2020-07-21 13:34:56,798 90 degrees
2020-07-21 13:34:57,300 File name: /home/pi/RPi-Ardunio/Robot/RPiCode/Images/ca2020l072020200721-13:34:56.799633.jpg
2020-07-21 13:34:57,310 Calibration image file: /home/pi/RPi-Ardunio/Robot/RPiCode/Images/ca2020l072020200721-13:34:56.799633.jpg
2020-07-21 13:34:58,608 ctrl-c detected
2020-07-21 13:38:13,536 Calibration start
2020-07-21 13:38:13,539 Targets read and returned: [['r', '2000', '0'], ['t', '0', '-500', '-500', '86'], ['t', '1', '-0', '0', '86'], ['t', '2', '-750', '500', '86'], ['t', '3', '-250', '3500', '86'], ['t', '4', '0', '4000', '86'], ['t', '5', '-500', '4500', '86'], ['t', '6', '3500', '4250', '86'], ['t', '7', '4000', '4000', '86'], ['t', '8', '4250', '3750', '86'], ['t', '9', '4400', '250', '86'], ['t', '10', '4000', '0', '86'], ['t', '11', '3800', '-250', '86']]
2020-07-21 13:38:13,541 Targets from csv file: [['r', '2000', '0'], ['t', '0', '-500', '-500', '86'], ['t', '1', '-0', '0', '86'], ['t', '2', '-750', '500', '86'], ['t', '3', '-250', '3500', '86'], ['t', '4', '0', '4000', '86'], ['t', '5', '-500', '4500', '86'], ['t', '6', '3500', '4250', '86'], ['t', '7', '4000', '4000', '86'], ['t', '8', '4250', '3750', '86'], ['t', '9', '4400', '250', '86'], ['t', '10', '4000', '0', '86'], ['t', '11', '3800', '-250', '86']]
2020-07-21 13:39:50,340 Calibration start
2020-07-21 13:39:50,343 Targets read and returned: [['r', '2000', '0'], ['t', '0', '-500', '-500', '86'], ['t', '1', '-0', '0', '86'], ['t', '2', '-750', '500', '86'], ['t', '3', '-250', '3500', '86'], ['t', '4', '0', '4000', '86'], ['t', '5', '-500', '4500', '86'], ['t', '6', '3500', '4250', '86'], ['t', '7', '4000', '4000', '86'], ['t', '8', '4250', '3750', '86'], ['t', '9', '4400', '250', '86'], ['t', '10', '4000', '0', '86'], ['t', '11', '3800', '-250', '86']]
2020-07-21 13:39:50,345 Targets from csv file: [['r', '2000', '0'], ['t', '0', '-500', '-500', '86'], ['t', '1', '-0', '0', '86'], ['t', '2', '-750', '500', '86'], ['t', '3', '-250', '3500', '86'], ['t', '4', '0', '4000', '86'], ['t', '5', '-500', '4500', '86'], ['t', '6', '3500', '4250', '86'], ['t', '7', '4000', '4000', '86'], ['t', '8', '4250', '3750', '86'], ['t', '9', '4400', '250', '86'], ['t', '10', '4000', '0', '86'], ['t', '11', '3800', '-250', '86']]
2020-07-21 13:44:07,176 Calibration start
2020-07-21 13:44:07,178 Targets read and returned: [['r', '2000', '0'], ['t', '0', '-500', '-500', '86'], ['t', '1', '-0', '0', '86'], ['t', '2', '-750', '500', '86'], ['t', '3', '-250', '3500', '86'], ['t', '4', '0', '4000', '86'], ['t', '5', '-500', '4500', '86'], ['t', '6', '3500', '4250', '86'], ['t', '7', '4000', '4000', '86'], ['t', '8', '4250', '3750', '86'], ['t', '9', '4400', '250', '86'], ['t', '10', '4000', '0', '86'], ['t', '11', '3800', '-250', '86']]
2020-07-21 13:44:07,179 Targets from csv file: [['r', '2000', '0'], ['t', '0', '-500', '-500', '86'], ['t', '1', '-0', '0', '86'], ['t', '2', '-750', '500', '86'], ['t', '3', '-250', '3500', '86'], ['t', '4', '0', '4000', '86'], ['t', '5', '-500', '4500', '86'], ['t', '6', '3500', '4250', '86'], ['t', '7', '4000', '4000', '86'], ['t', '8', '4250', '3750', '86'], ['t', '9', '4400', '250', '86'], ['t', '10', '4000', '0', '86'], ['t', '11', '3800', '-250', '86']]
2020-07-21 13:44:09,288 90 degrees
2020-07-21 13:44:09,810 File name: /home/pi/RPi-Ardunio/Robot/RPiCode/Images/ca2020l072020200721-13:44:09.290529.jpg
2020-07-21 13:44:09,820 Calibration image file: /home/pi/RPi-Ardunio/Robot/RPiCode/Images/ca2020l072020200721-13:44:09.290529.jpg
2020-07-21 13:44:27,981 ctrl-c detected
2020-07-21 13:45:55,495 Calibration start
2020-07-21 13:45:55,497 Targets read and returned: [['r', '2000', '0'], ['t', '0', '-500', '-500', '86'], ['t', '1', '-0', '0', '86'], ['t', '2', '-750', '500', '86'], ['t', '3', '-250', '3500', '86'], ['t', '4', '0', '4000', '86'], ['t', '5', '-500', '4500', '86'], ['t', '6', '3500', '4250', '86'], ['t', '7', '4000', '4000', '86'], ['t', '8', '4250', '3750', '86'], ['t', '9', '4400', '250', '86'], ['t', '10', '4000', '0', '86'], ['t', '11', '3800', '-250', '86']]
2020-07-21 13:45:55,498 Targets from csv file: [['r', '2000', '0'], ['t', '0', '-500', '-500', '86'], ['t', '1', '-0', '0', '86'], ['t', '2', '-750', '500', '86'], ['t', '3', '-250', '3500', '86'], ['t', '4', '0', '4000', '86'], ['t', '5', '-500', '4500', '86'], ['t', '6', '3500', '4250', '86'], ['t', '7', '4000', '4000', '86'], ['t', '8', '4250', '3750', '86'], ['t', '9', '4400', '250', '86'], ['t', '10', '4000', '0', '86'], ['t', '11', '3800', '-250', '86']]
2020-07-21 13:45:57,593 90 degrees
2020-07-21 13:45:58,095 File name: /home/pi/RPi-Ardunio/Robot/RPiCode/Images/ca2020l072020200721-13:45:57.595467.jpg
2020-07-21 13:45:58,106 Calibration image file: /home/pi/RPi-Ardunio/Robot/RPiCode/Images/ca2020l072020200721-13:45:57.595467.jpg
2020-07-21 13:46:01,389 ctrl-c detected
2020-07-21 13:48:02,465 Calibration start
2020-07-21 13:48:02,469 Targets read and returned: [['r', '2000', '0'], ['t', '0', '-500', '-500', '86'], ['t', '1', '-0', '0', '86'], ['t', '2', '-750', '500', '86'], ['t', '3', '-250', '3500', '86'], ['t', '4', '0', '4000', '86'], ['t', '5', '-500', '4500', '86'], ['t', '6', '3500', '4250', '86'], ['t', '7', '4000', '4000', '86'], ['t', '8', '4250', '3750', '86'], ['t', '9', '4400', '250', '86'], ['t', '10', '4000', '0', '86'], ['t', '11', '3800', '-250', '86']]
2020-07-21 13:48:02,470 Targets from csv file: [['r', '2000', '0'], ['t', '0', '-500', '-500', '86'], ['t', '1', '-0', '0', '86'], ['t', '2', '-750', '500', '86'], ['t', '3', '-250', '3500', '86'], ['t', '4', '0', '4000', '86'], ['t', '5', '-500', '4500', '86'], ['t', '6', '3500', '4250', '86'], ['t', '7', '4000', '4000', '86'], ['t', '8', '4250', '3750', '86'], ['t', '9', '4400', '250', '86'], ['t', '10', '4000', '0', '86'], ['t', '11', '3800', '-250', '86']]
2020-07-21 13:48:04,563 90 degrees
2020-07-21 13:48:05,066 File name: /home/pi/RPi-Ardunio/Robot/RPiCode/Images/ca2020l072020200721-13:48:04.564757.jpg
2020-07-21 13:48:05,076 Calibration image file: /home/pi/RPi-Ardunio/Robot/RPiCode/Images/ca2020l072020200721-13:48:04.564757.jpg
2020-07-21 13:48:09,070 ctrl-c detected
2020-07-21 13:50:51,823 Calibration start
2020-07-21 13:50:51,825 Targets read and returned: [['r', '2000', '0'], ['t', '0', '-500', '-500', '86'], ['t', '1', '-0', '0', '86'], ['t', '2', '-750', '500', '86'], ['t', '3', '-250', '3500', '86'], ['t', '4', '0', '4000', '86'], ['t', '5', '-500', '4500', '86'], ['t', '6', '3500', '4250', '86'], ['t', '7', '4000', '4000', '86'], ['t', '8', '4250', '3750', '86'], ['t', '9', '4400', '250', '86'], ['t', '10', '4000', '0', '86'], ['t', '11', '3800', '-250', '86']]
2020-07-21 13:50:51,827 Targets from csv file: [['r', '2000', '0'], ['t', '0', '-500', '-500', '86'], ['t', '1', '-0', '0', '86'], ['t', '2', '-750', '500', '86'], ['t', '3', '-250', '3500', '86'], ['t', '4', '0', '4000', '86'], ['t', '5', '-500', '4500', '86'], ['t', '6', '3500', '4250', '86'], ['t', '7', '4000', '4000', '86'], ['t', '8', '4250', '3750', '86'], ['t', '9', '4400', '250', '86'], ['t', '10', '4000', '0', '86'], ['t', '11', '3800', '-250', '86']]
2020-07-21 13:50:53,921 90 degrees
2020-07-21 13:50:54,456 File name: /home/pi/RPi-Ardunio/Robot/RPiCode/Images/ca2020l072020200721-13:50:53.923147.jpg
2020-07-21 13:50:54,467 Calibration image file: /home/pi/RPi-Ardunio/Robot/RPiCode/Images/ca2020l072020200721-13:50:53.923147.jpg
2020-07-21 13:50:58,066 ctrl-c detected
2020-07-21 16:40:25,974 Calibration start
2020-07-21 16:40:25,976 Targets read and returned: [['r', '2000', '0'], ['t', '0', '-500', '-500', '86'], ['t', '1', '-0', '0', '86'], ['t', '2', '-750', '500', '86'], ['t', '3', '-250', '3500', '86'], ['t', '4', '0', '4000', '86'], ['t', '5', '-500', '4500', '86'], ['t', '6', '3500', '4250', '86'], ['t', '7', '4000', '4000', '86'], ['t', '8', '4250', '3750', '86'], ['t', '9', '4400', '250', '86'], ['t', '10', '4000', '0', '86'], ['t', '11', '3800', '-250', '86']]
2020-07-21 16:40:25,978 Targets from csv file: [['r', '2000', '0'], ['t', '0', '-500', '-500', '86'], ['t', '1', '-0', '0', '86'], ['t', '2', '-750', '500', '86'], ['t', '3', '-250', '3500', '86'], ['t', '4', '0', '4000', '86'], ['t', '5', '-500', '4500', '86'], ['t', '6', '3500', '4250', '86'], ['t', '7', '4000', '4000', '86'], ['t', '8', '4250', '3750', '86'], ['t', '9', '4400', '250', '86'], ['t', '10', '4000', '0', '86'], ['t', '11', '3800', '-250', '86']]
2020-07-21 16:45:04,709 Calibration start
2020-07-21 16:45:04,711 Targets read and returned: [['r', '2000', '0'], ['t', '0', '-500', '-500', '86'], ['t', '1', '-0', '0', '86'], ['t', '2', '-750', '500', '86'], ['t', '3', '-250', '3500', '86'], ['t', '4', '0', '4000', '86'], ['t', '5', '-500', '4500', '86'], ['t', '6', '3500', '4250', '86'], ['t', '7', '4000', '4000', '86'], ['t', '8', '4250', '3750', '86'], ['t', '9', '4400', '250', '86'], ['t', '10', '4000', '0', '86'], ['t', '11', '3800', '-250', '86']]
2020-07-21 16:45:04,712 Targets from csv file: [['r', '2000', '0'], ['t', '0', '-500', '-500', '86'], ['t', '1', '-0', '0', '86'], ['t', '2', '-750', '500', '86'], ['t', '3', '-250', '3500', '86'], ['t', '4', '0', '4000', '86'], ['t', '5', '-500', '4500', '86'], ['t', '6', '3500', '4250', '86'], ['t', '7', '4000', '4000', '86'], ['t', '8', '4250', '3750', '86'], ['t', '9', '4400', '250', '86'], ['t', '10', '4000', '0', '86'], ['t', '11', '3800', '-250', '86']]
2020-07-21 16:47:35,603 Calibration start
2020-07-21 16:47:35,606 Targets read and returned: [['r', '2000', '0'], ['t', '0', '-500', '-500', '86'], ['t', '1', '-0', '0', '86'], ['t', '2', '-750', '500', '86'], ['t', '3', '-250', '3500', '86'], ['t', '4', '0', '4000', '86'], ['t', '5', '-500', '4500', '86'], ['t', '6', '3500', '4250', '86'], ['t', '7', '4000', '4000', '86'], ['t', '8', '4250', '3750', '86'], ['t', '9', '4400', '250', '86'], ['t', '10', '4000', '0', '86'], ['t', '11', '3800', '-250', '86']]
2020-07-21 16:47:35,607 Targets from csv file: [['r', '2000', '0'], ['t', '0', '-500', '-500', '86'], ['t', '1', '-0', '0', '86'], ['t', '2', '-750', '500', '86'], ['t', '3', '-250', '3500', '86'], ['t', '4', '0', '4000', '86'], ['t', '5', '-500', '4500', '86'], ['t', '6', '3500', '4250', '86'], ['t', '7', '4000', '4000', '86'], ['t', '8', '4250', '3750', '86'], ['t', '9', '4400', '250', '86'], ['t', '10', '4000', '0', '86'], ['t', '11', '3800', '-250', '86']]
2020-07-21 16:50:36,612 Calibration start
2020-07-21 16:50:36,620 Targets read and returned: [['r', '2000', '0'], ['t', '0', '-500', '-500', '86'], ['t', '1', '-0', '0', '86'], ['t', '2', '-750', '500', '86'], ['t', '3', '-250', '3500', '86'], ['t', '4', '0', '4000', '86'], ['t', '5', '-500', '4500', '86'], ['t', '6', '3500', '4250', '86'], ['t', '7', '4000', '4000', '86'], ['t', '8', '4250', '3750', '86'], ['t', '9', '4400', '250', '86'], ['t', '10', '4000', '0', '86'], ['t', '11', '3800', '-250', '86']]
2020-07-21 16:50:36,622 Targets from csv file: [['r', '2000', '0'], ['t', '0', '-500', '-500', '86'], ['t', '1', '-0', '0', '86'], ['t', '2', '-750', '500', '86'], ['t', '3', '-250', '3500', '86'], ['t', '4', '0', '4000', '86'], ['t', '5', '-500', '4500', '86'], ['t', '6', '3500', '4250', '86'], ['t', '7', '4000', '4000', '86'], ['t', '8', '4250', '3750', '86'], ['t', '9', '4400', '250', '86'], ['t', '10', '4000', '0', '86'], ['t', '11', '3800', '-250', '86']]
2020-07-21 16:51:23,725 Calibration start
2020-07-21 16:51:23,729 Targets read and returned: [['r', '2000', '0'], ['t', '0', '-500', '-500', '86'], ['t', '1', '-0', '0', '86'], ['t', '2', '-750', '500', '86'], ['t', '3', '-250', '3500', '86'], ['t', '4', '0', '4000', '86'], ['t', '5', '-500', '4500', '86'], ['t', '6', '3500', '4250', '86'], ['t', '7', '4000', '4000', '86'], ['t', '8', '4250', '3750', '86'], ['t', '9', '4400', '250', '86'], ['t', '10', '4000', '0', '86'], ['t', '11', '3800', '-250', '86']]
2020-07-21 16:51:23,730 Targets from csv file: [['r', '2000', '0'], ['t', '0', '-500', '-500', '86'], ['t', '1', '-0', '0', '86'], ['t', '2', '-750', '500', '86'], ['t', '3', '-250', '3500', '86'], ['t', '4', '0', '4000', '86'], ['t', '5', '-500', '4500', '86'], ['t', '6', '3500', '4250', '86'], ['t', '7', '4000', '4000', '86'], ['t', '8', '4250', '3750', '86'], ['t', '9', '4400', '250', '86'], ['t', '10', '4000', '0', '86'], ['t', '11', '3800', '-250', '86']]
2020-07-21 16:53:03,088 Calibration start
2020-07-21 16:53:03,092 Targets read and returned: [['r', '2000', '0'], ['t', '0', '-500', '-500', '86'], ['t', '1', '-0', '0', '86'], ['t', '2', '-750', '500', '86'], ['t', '3', '-250', '3500', '86'], ['t', '4', '0', '4000', '86'], ['t', '5', '-500', '4500', '86'], ['t', '6', '3500', '4250', '86'], ['t', '7', '4000', '4000', '86'], ['t', '8', '4250', '3750', '86'], ['t', '9', '4400', '250', '86'], ['t', '10', '4000', '0', '86'], ['t', '11', '3800', '-250', '86']]
2020-07-21 16:53:03,093 Targets from csv file: [['r', '2000', '0'], ['t', '0', '-500', '-500', '86'], ['t', '1', '-0', '0', '86'], ['t', '2', '-750', '500', '86'], ['t', '3', '-250', '3500', '86'], ['t', '4', '0', '4000', '86'], ['t', '5', '-500', '4500', '86'], ['t', '6', '3500', '4250', '86'], ['t', '7', '4000', '4000', '86'], ['t', '8', '4250', '3750', '86'], ['t', '9', '4400', '250', '86'], ['t', '10', '4000', '0', '86'], ['t', '11', '3800', '-250', '86']]
2020-07-21 16:53:57,830 Calibration start
2020-07-21 16:53:57,833 Targets read and returned: [['r', '2000', '0'], ['t', '0', '-500', '-500', '86'], ['t', '1', '-0', '0', '86'], ['t', '2', '-750', '500', '86'], ['t', '3', '-250', '3500', '86'], ['t', '4', '0', '4000', '86'], ['t', '5', '-500', '4500', '86'], ['t', '6', '3500', '4250', '86'], ['t', '7', '4000', '4000', '86'], ['t', '8', '4250', '3750', '86'], ['t', '9', '4400', '250', '86'], ['t', '10', '4000', '0', '86'], ['t', '11', '3800', '-250', '86']]
2020-07-21 16:53:57,834 Targets from csv file: [['r', '2000', '0'], ['t', '0', '-500', '-500', '86'], ['t', '1', '-0', '0', '86'], ['t', '2', '-750', '500', '86'], ['t', '3', '-250', '3500', '86'], ['t', '4', '0', '4000', '86'], ['t', '5', '-500', '4500', '86'], ['t', '6', '3500', '4250', '86'], ['t', '7', '4000', '4000', '86'], ['t', '8', '4250', '3750', '86'], ['t', '9', '4400', '250', '86'], ['t', '10', '4000', '0', '86'], ['t', '11', '3800', '-250', '86']]
2020-07-21 16:56:09,656 Calibration start
2020-07-21 16:56:09,659 Targets read and returned: [['r', '2000', '0'], ['t', '0', '-500', '-500', '86'], ['t', '1', '-0', '0', '86'], ['t', '2', '-750', '500', '86'], ['t', '3', '-250', '3500', '86'], ['t', '4', '0', '4000', '86'], ['t', '5', '-500', '4500', '86'], ['t', '6', '3500', '4250', '86'], ['t', '7', '4000', '4000', '86'], ['t', '8', '4250', '3750', '86'], ['t', '9', '4400', '250', '86'], ['t', '10', '4000', '0', '86'], ['t', '11', '3800', '-250', '86']]
2020-07-21 16:56:09,660 Targets from csv file: [['r', '2000', '0'], ['t', '0', '-500', '-500', '86'], ['t', '1', '-0', '0', '86'], ['t', '2', '-750', '500', '86'], ['t', '3', '-250', '3500', '86'], ['t', '4', '0', '4000', '86'], ['t', '5', '-500', '4500', '86'], ['t', '6', '3500', '4250', '86'], ['t', '7', '4000', '4000', '86'], ['t', '8', '4250', '3750', '86'], ['t', '9', '4400', '250', '86'], ['t', '10', '4000', '0', '86'], ['t', '11', '3800', '-250', '86']]
2020-07-21 17:03:01,979 Calibration start
2020-07-21 17:03:01,983 Targets read and returned: [['r', '2000', '0'], ['t', '0', '-500', '-500', '86'], ['t', '1', '-0', '0', '86'], ['t', '2', '-750', '500', '86'], ['t', '3', '-250', '3500', '86'], ['t', '4', '0', '4000', '86'], ['t', '5', '-500', '4500', '86'], ['t', '6', '3500', '4250', '86'], ['t', '7', '4000', '4000', '86'], ['t', '8', '4250', '3750', '86'], ['t', '9', '4400', '250', '86'], ['t', '10', '4000', '0', '86'], ['t', '11', '3800', '-250', '86']]
2020-07-21 17:03:01,984 Targets from csv file: [['r', '2000', '0'], ['t', '0', '-500', '-500', '86'], ['t', '1', '-0', '0', '86'], ['t', '2', '-750', '500', '86'], ['t', '3', '-250', '3500', '86'], ['t', '4', '0', '4000', '86'], ['t', '5', '-500', '4500', '86'], ['t', '6', '3500', '4250', '86'], ['t', '7', '4000', '4000', '86'], ['t', '8', '4250', '3750', '86'], ['t', '9', '4400', '250', '86'], ['t', '10', '4000', '0', '86'], ['t', '11', '3800', '-250', '86']]
2020-07-21 17:03:45,732 Calibration start
2020-07-21 17:03:45,735 Targets read and returned: [['r', '2000', '0'], ['t', '0', '-500', '-500', '86'], ['t', '1', '-0', '0', '86'], ['t', '2', '-750', '500', '86'], ['t', '3', '-250', '3500', '86'], ['t', '4', '0', '4000', '86'], ['t', '5', '-500', '4500', '86'], ['t', '6', '3500', '4250', '86'], ['t', '7', '4000', '4000', '86'], ['t', '8', '4250', '3750', '86'], ['t', '9', '4400', '250', '86'], ['t', '10', '4000', '0', '86'], ['t', '11', '3800', '-250', '86']]
2020-07-21 17:03:45,736 Targets from csv file: [['r', '2000', '0'], ['t', '0', '-500', '-500', '86'], ['t', '1', '-0', '0', '86'], ['t', '2', '-750', '500', '86'], ['t', '3', '-250', '3500', '86'], ['t', '4', '0', '4000', '86'], ['t', '5', '-500', '4500', '86'], ['t', '6', '3500', '4250', '86'], ['t', '7', '4000', '4000', '86'], ['t', '8', '4250', '3750', '86'], ['t', '9', '4400', '250', '86'], ['t', '10', '4000', '0', '86'], ['t', '11', '3800', '-250', '86']]
2020-07-21 17:04:50,734 Calibration start
2020-07-21 17:04:50,737 Targets read and returned: [['r', '2000', '0'], ['t', '0', '-500', '-500', '86'], ['t', '1', '-0', '0', '86'], ['t', '2', '-750', '500', '86'], ['t', '3', '-250', '3500', '86'], ['t', '4', '0', '4000', '86'], ['t', '5', '-500', '4500', '86'], ['t', '6', '3500', '4250', '86'], ['t', '7', '4000', '4000', '86'], ['t', '8', '4250', '3750', '86'], ['t', '9', '4400', '250', '86'], ['t', '10', '4000', '0', '86'], ['t', '11', '3800', '-250', '86']]
2020-07-21 17:04:50,739 Targets from csv file: [['r', '2000', '0'], ['t', '0', '-500', '-500', '86'], ['t', '1', '-0', '0', '86'], ['t', '2', '-750', '500', '86'], ['t', '3', '-250', '3500', '86'], ['t', '4', '0', '4000', '86'], ['t', '5', '-500', '4500', '86'], ['t', '6', '3500', '4250', '86'], ['t', '7', '4000', '4000', '86'], ['t', '8', '4250', '3750', '86'], ['t', '9', '4400', '250', '86'], ['t', '10', '4000', '0', '86'], ['t', '11', '3800', '-250', '86']]
2020-07-21 17:06:39,059 Calibration start
2020-07-21 17:06:39,061 Targets read and returned: [['r', '2000', '0'], ['t', '0', '-500', '-500', '86'], ['t', '1', '-0', '0', '86'], ['t', '2', '-750', '500', '86'], ['t', '3', '-250', '3500', '86'], ['t', '4', '0', '4000', '86'], ['t', '5', '-500', '4500', '86'], ['t', '6', '3500', '4250', '86'], ['t', '7', '4000', '4000', '86'], ['t', '8', '4250', '3750', '86'], ['t', '9', '4400', '250', '86'], ['t', '10', '4000', '0', '86'], ['t', '11', '3800', '-250', '86']]
2020-07-21 17:06:39,062 Targets from csv file: [['r', '2000', '0'], ['t', '0', '-500', '-500', '86'], ['t', '1', '-0', '0', '86'], ['t', '2', '-750', '500', '86'], ['t', '3', '-250', '3500', '86'], ['t', '4', '0', '4000', '86'], ['t', '5', '-500', '4500', '86'], ['t', '6', '3500', '4250', '86'], ['t', '7', '4000', '4000', '86'], ['t', '8', '4250', '3750', '86'], ['t', '9', '4400', '250', '86'], ['t', '10', '4000', '0', '86'], ['t', '11', '3800', '-250', '86']]
2020-07-21 17:07:07,974 Calibration start
2020-07-21 17:07:07,977 Targets read and returned: [['r', '2000', '0'], ['t', '0', '-500', '-500', '86'], ['t', '1', '-0', '0', '86'], ['t', '2', '-750', '500', '86'], ['t', '3', '-250', '3500', '86'], ['t', '4', '0', '4000', '86'], ['t', '5', '-500', '4500', '86'], ['t', '6', '3500', '4250', '86'], ['t', '7', '4000', '4000', '86'], ['t', '8', '4250', '3750', '86'], ['t', '9', '4400', '250', '86'], ['t', '10', '4000', '0', '86'], ['t', '11', '3800', '-250', '86']]
2020-07-21 17:07:07,978 Targets from csv file: [['r', '2000', '0'], ['t', '0', '-500', '-500', '86'], ['t', '1', '-0', '0', '86'], ['t', '2', '-750', '500', '86'], ['t', '3', '-250', '3500', '86'], ['t', '4', '0', '4000', '86'], ['t', '5', '-500', '4500', '86'], ['t', '6', '3500', '4250', '86'], ['t', '7', '4000', '4000', '86'], ['t', '8', '4250', '3750', '86'], ['t', '9', '4400', '250', '86'], ['t', '10', '4000', '0', '86'], ['t', '11', '3800', '-250', '86']]
2020-07-21 17:14:01,015 Calibration start
2020-07-21 17:14:01,019 Targets read and returned: [['r', '2000', '0'], ['t', '0', '-500', '-500', '86'], ['t', '1', '-0', '0', '86'], ['t', '2', '-750', '500', '86'], ['t', '3', '-250', '3500', '86'], ['t', '4', '0', '4000', '86'], ['t', '5', '-500', '4500', '86'], ['t', '6', '3500', '4250', '86'], ['t', '7', '4000', '4000', '86'], ['t', '8', '4250', '3750', '86'], ['t', '9', '4400', '250', '86'], ['t', '10', '4000', '0', '86'], ['t', '11', '3800', '-250', '86']]
2020-07-21 17:14:01,021 Targets from csv file: [['r', '2000', '0'], ['t', '0', '-500', '-500', '86'], ['t', '1', '-0', '0', '86'], ['t', '2', '-750', '500', '86'], ['t', '3', '-250', '3500', '86'], ['t', '4', '0', '4000', '86'], ['t', '5', '-500', '4500', '86'], ['t', '6', '3500', '4250', '86'], ['t', '7', '4000', '4000', '86'], ['t', '8', '4250', '3750', '86'], ['t', '9', '4400', '250', '86'], ['t', '10', '4000', '0', '86'], ['t', '11', '3800', '-250', '86']]
2020-07-21 17:24:09,770 Calibration start
2020-07-21 17:24:09,773 Targets read and returned: [['r', '2000', '0'], ['t', '0', '-500', '-500', '86'], ['t', '1', '-0', '0', '86'], ['t', '2', '-750', '500', '86'], ['t', '3', '-250', '3500', '86'], ['t', '4', '0', '4000', '86'], ['t', '5', '-500', '4500', '86'], ['t', '6', '3500', '4250', '86'], ['t', '7', '4000', '4000', '86'], ['t', '8', '4250', '3750', '86'], ['t', '9', '4400', '250', '86'], ['t', '10', '4000', '0', '86'], ['t', '11', '3800', '-250', '86']]
2020-07-21 17:24:09,774 Targets from csv file: [['r', '2000', '0'], ['t', '0', '-500', '-500', '86'], ['t', '1', '-0', '0', '86'], ['t', '2', '-750', '500', '86'], ['t', '3', '-250', '3500', '86'], ['t', '4', '0', '4000', '86'], ['t', '5', '-500', '4500', '86'], ['t', '6', '3500', '4250', '86'], ['t', '7', '4000', '4000', '86'], ['t', '8', '4250', '3750', '86'], ['t', '9', '4400', '250', '86'], ['t', '10', '4000', '0', '86'], ['t', '11', '3800', '-250', '86']]
2020-07-21 17:27:40,464 Calibration start
2020-07-21 17:27:40,467 Targets read and returned: [['r', '2000', '0'], ['t', '0', '-500', '-500', '86'], ['t', '1', '-0', '0', '86'], ['t', '2', '-750', '500', '86'], ['t', '3', '-250', '3500', '86'], ['t', '4', '0', '4000', '86'], ['t', '5', '-500', '4500', '86'], ['t', '6', '3500', '4250', '86'], ['t', '7', '4000', '4000', '86'], ['t', '8', '4250', '3750', '86'], ['t', '9', '4400', '250', '86'], ['t', '10', '4000', '0', '86'], ['t', '11', '3800', '-250', '86']]
2020-07-21 17:27:40,469 Targets from csv file: [['r', '2000', '0'], ['t', '0', '-500', '-500', '86'], ['t', '1', '-0', '0', '86'], ['t', '2', '-750', '500', '86'], ['t', '3', '-250', '3500', '86'], ['t', '4', '0', '4000', '86'], ['t', '5', '-500', '4500', '86'], ['t', '6', '3500', '4250', '86'], ['t', '7', '4000', '4000', '86'], ['t', '8', '4250', '3750', '86'], ['t', '9', '4400', '250', '86'], ['t', '10', '4000', '0', '86'], ['t', '11', '3800', '-250', '86']]
2020-07-21 17:31:48,398 Calibration start
2020-07-21 17:31:48,400 Targets read and returned: [['r', '2000', '0'], ['t', '0', '-500', '-500', '86'], ['t', '1', '-0', '0', '86'], ['t', '2', '-750', '500', '86'], ['t', '3', '-250', '3500', '86'], ['t', '4', '0', '4000', '86'], ['t', '5', '-500', '4500', '86'], ['t', '6', '3500', '4250', '86'], ['t', '7', '4000', '4000', '86'], ['t', '8', '4250', '3750', '86'], ['t', '9', '4400', '250', '86'], ['t', '10', '4000', '0', '86'], ['t', '11', '3800', '-250', '86']]
2020-07-21 17:31:48,402 Targets from csv file: [['r', '2000', '0'], ['t', '0', '-500', '-500', '86'], ['t', '1', '-0', '0', '86'], ['t', '2', '-750', '500', '86'], ['t', '3', '-250', '3500', '86'], ['t', '4', '0', '4000', '86'], ['t', '5', '-500', '4500', '86'], ['t', '6', '3500', '4250', '86'], ['t', '7', '4000', '4000', '86'], ['t', '8', '4250', '3750', '86'], ['t', '9', '4400', '250', '86'], ['t', '10', '4000', '0', '86'], ['t', '11', '3800', '-250', '86']]
2020-07-21 17:48:33,678 Calibration start
2020-07-21 17:48:33,681 Targets read and returned: [['r', '2000', '0'], ['t', '0', '-500', '-500', '86'], ['t', '1', '-0', '0', '86'], ['t', '2', '-750', '500', '86'], ['t', '3', '-250', '3500', '86'], ['t', '4', '0', '4000', '86'], ['t', '5', '-500', '4500', '86'], ['t', '6', '3500', '4250', '86'], ['t', '7', '4000', '4000', '86'], ['t', '8', '4250', '3750', '86'], ['t', '9', '4400', '250', '86'], ['t', '10', '4000', '0', '86'], ['t', '11', '3800', '-250', '86']]
2020-07-21 17:48:33,683 Targets from csv file: [['r', '2000', '0'], ['t', '0', '-500', '-500', '86'], ['t', '1', '-0', '0', '86'], ['t', '2', '-750', '500', '86'], ['t', '3', '-250', '3500', '86'], ['t', '4', '0', '4000', '86'], ['t', '5', '-500', '4500', '86'], ['t', '6', '3500', '4250', '86'], ['t', '7', '4000', '4000', '86'], ['t', '8', '4250', '3750', '86'], ['t', '9', '4400', '250', '86'], ['t', '10', '4000', '0', '86'], ['t', '11', '3800', '-250', '86']]
2020-07-21 17:51:50,135 Calibration start
2020-07-21 17:51:50,137 Targets read and returned: [['r', '2000', '0'], ['t', '0', '-500', '-500', '86'], ['t', '1', '-0', '0', '86'], ['t', '2', '-750', '500', '86'], ['t', '3', '-250', '3500', '86'], ['t', '4', '0', '4000', '86'], ['t', '5', '-500', '4500', '86'], ['t', '6', '3500', '4250', '86'], ['t', '7', '4000', '4000', '86'], ['t', '8', '4250', '3750', '86'], ['t', '9', '4400', '250', '86'], ['t', '10', '4000', '0', '86'], ['t', '11', '3800', '-250', '86']]
2020-07-21 17:51:50,139 Targets from csv file: [['r', '2000', '0'], ['t', '0', '-500', '-500', '86'], ['t', '1', '-0', '0', '86'], ['t', '2', '-750', '500', '86'], ['t', '3', '-250', '3500', '86'], ['t', '4', '0', '4000', '86'], ['t', '5', '-500', '4500', '86'], ['t', '6', '3500', '4250', '86'], ['t', '7', '4000', '4000', '86'], ['t', '8', '4250', '3750', '86'], ['t', '9', '4400', '250', '86'], ['t', '10', '4000', '0', '86'], ['t', '11', '3800', '-250', '86']]
2020-07-21 17:52:39,811 Calibration start
2020-07-21 17:52:39,813 Targets read and returned: [['r', '2000', '0'], ['t', '0', '-500', '-500', '86'], ['t', '1', '-0', '0', '86'], ['t', '2', '-750', '500', '86'], ['t', '3', '-250', '3500', '86'], ['t', '4', '0', '4000', '86'], ['t', '5', '-500', '4500', '86'], ['t', '6', '3500', '4250', '86'], ['t', '7', '4000', '4000', '86'], ['t', '8', '4250', '3750', '86'], ['t', '9', '4400', '250', '86'], ['t', '10', '4000', '0', '86'], ['t', '11', '3800', '-250', '86']]
2020-07-21 17:52:39,815 Targets from csv file: [['r', '2000', '0'], ['t', '0', '-500', '-500', '86'], ['t', '1', '-0', '0', '86'], ['t', '2', '-750', '500', '86'], ['t', '3', '-250', '3500', '86'], ['t', '4', '0', '4000', '86'], ['t', '5', '-500', '4500', '86'], ['t', '6', '3500', '4250', '86'], ['t', '7', '4000', '4000', '86'], ['t', '8', '4250', '3750', '86'], ['t', '9', '4400', '250', '86'], ['t', '10', '4000', '0', '86'], ['t', '11', '3800', '-250', '86']]
2020-07-21 17:55:48,761 Calibration start
2020-07-21 17:55:48,765 Targets read and returned: [['r', '2000', '0'], ['t', '0', '-500', '-500', '86'], ['t', '1', '-0', '0', '86'], ['t', '2', '-750', '500', '86'], ['t', '3', '-250', '3500', '86'], ['t', '4', '0', '4000', '86'], ['t', '5', '-500', '4500', '86'], ['t', '6', '3500', '4250', '86'], ['t', '7', '4000', '4000', '86'], ['t', '8', '4250', '3750', '86'], ['t', '9', '4400', '250', '86'], ['t', '10', '4000', '0', '86'], ['t', '11', '3800', '-250', '86']]
2020-07-21 17:55:48,766 Targets from csv file: [['r', '2000', '0'], ['t', '0', '-500', '-500', '86'], ['t', '1', '-0', '0', '86'], ['t', '2', '-750', '500', '86'], ['t', '3', '-250', '3500', '86'], ['t', '4', '0', '4000', '86'], ['t', '5', '-500', '4500', '86'], ['t', '6', '3500', '4250', '86'], ['t', '7', '4000', '4000', '86'], ['t', '8', '4250', '3750', '86'], ['t', '9', '4400', '250', '86'], ['t', '10', '4000', '0', '86'], ['t', '11', '3800', '-250', '86']]
2020-07-21 17:59:06,166 Calibration start
2020-07-21 17:59:06,169 Targets read and returned: [['r', '2000', '0'], ['t', '0', '-500', '-500', '86'], ['t', '1', '-0', '0', '86'], ['t', '2', '-750', '500', '86'], ['t', '3', '-250', '3500', '86'], ['t', '4', '0', '4000', '86'], ['t', '5', '-500', '4500', '86'], ['t', '6', '3500', '4250', '86'], ['t', '7', '4000', '4000', '86'], ['t', '8', '4250', '3750', '86'], ['t', '9', '4400', '250', '86'], ['t', '10', '4000', '0', '86'], ['t', '11', '3800', '-250', '86']]
2020-07-21 17:59:06,171 Targets from csv file: [['r', '2000', '0'], ['t', '0', '-500', '-500', '86'], ['t', '1', '-0', '0', '86'], ['t', '2', '-750', '500', '86'], ['t', '3', '-250', '3500', '86'], ['t', '4', '0', '4000', '86'], ['t', '5', '-500', '4500', '86'], ['t', '6', '3500', '4250', '86'], ['t', '7', '4000', '4000', '86'], ['t', '8', '4250', '3750', '86'], ['t', '9', '4400', '250', '86'], ['t', '10', '4000', '0', '86'], ['t', '11', '3800', '-250', '86']]
2020-07-21 18:00:16,073 Calibration start
2020-07-21 18:00:16,076 Targets read and returned: [['r', '2000', '0'], ['t', '0', '-500', '-500', '86'], ['t', '1', '-0', '0', '86'], ['t', '2', '-750', '500', '86'], ['t', '3', '-250', '3500', '86'], ['t', '4', '0', '4000', '86'], ['t', '5', '-500', '4500', '86'], ['t', '6', '3500', '4250', '86'], ['t', '7', '4000', '4000', '86'], ['t', '8', '4250', '3750', '86'], ['t', '9', '4400', '250', '86'], ['t', '10', '4000', '0', '86'], ['t', '11', '3800', '-250', '86']]
2020-07-21 18:00:16,078 Targets from csv file: [['r', '2000', '0'], ['t', '0', '-500', '-500', '86'], ['t', '1', '-0', '0', '86'], ['t', '2', '-750', '500', '86'], ['t', '3', '-250', '3500', '86'], ['t', '4', '0', '4000', '86'], ['t', '5', '-500', '4500', '86'], ['t', '6', '3500', '4250', '86'], ['t', '7', '4000', '4000', '86'], ['t', '8', '4250', '3750', '86'], ['t', '9', '4400', '250', '86'], ['t', '10', '4000', '0', '86'], ['t', '11', '3800', '-250', '86']]
2020-07-21 18:04:49,063 Calibration start
2020-07-21 18:04:49,066 Targets read and returned: [['r', '2000', '0'], ['t', '0', '-500', '-500', '86'], ['t', '1', '-0', '0', '86'], ['t', '2', '-750', '500', '86'], ['t', '3', '-250', '3500', '86'], ['t', '4', '0', '4000', '86'], ['t', '5', '-500', '4500', '86'], ['t', '6', '3500', '4250', '86'], ['t', '7', '4000', '4000', '86'], ['t', '8', '4250', '3750', '86'], ['t', '9', '4400', '250', '86'], ['t', '10', '4000', '0', '86'], ['t', '11', '3800', '-250', '86']]
2020-07-21 18:04:49,068 Targets from csv file: [['r', '2000', '0'], ['t', '0', '-500', '-500', '86'], ['t', '1', '-0', '0', '86'], ['t', '2', '-750', '500', '86'], ['t', '3', '-250', '3500', '86'], ['t', '4', '0', '4000', '86'], ['t', '5', '-500', '4500', '86'], ['t', '6', '3500', '4250', '86'], ['t', '7', '4000', '4000', '86'], ['t', '8', '4250', '3750', '86'], ['t', '9', '4400', '250', '86'], ['t', '10', '4000', '0', '86'], ['t', '11', '3800', '-250', '86']]
2020-07-21 18:04:51,198 90 degrees
2020-07-21 18:04:51,731 File name: /home/pi/RPi-Ardunio/Robot/RPiCode/Images/ca2020l072020200721-18:04:51.199362.jpg
2020-07-21 18:04:51,741 Calibration image file: /home/pi/RPi-Ardunio/Robot/RPiCode/Images/ca2020l072020200721-18:04:51.199362.jpg
2020-07-21 18:10:10,664 Calibration start
2020-07-21 18:10:10,666 Targets read and returned: [['r', '2000', '0'], ['t', '0', '-500', '-500', '86'], ['t', '1', '-0', '0', '86'], ['t', '2', '-750', '500', '86'], ['t', '3', '-250', '3500', '86'], ['t', '4', '0', '4000', '86'], ['t', '5', '-500', '4500', '86'], ['t', '6', '3500', '4250', '86'], ['t', '7', '4000', '4000', '86'], ['t', '8', '4250', '3750', '86'], ['t', '9', '4400', '250', '86'], ['t', '10', '4000', '0', '86'], ['t', '11', '3800', '-250', '86']]
2020-07-21 18:10:10,667 Targets from csv file: [['r', '2000', '0'], ['t', '0', '-500', '-500', '86'], ['t', '1', '-0', '0', '86'], ['t', '2', '-750', '500', '86'], ['t', '3', '-250', '3500', '86'], ['t', '4', '0', '4000', '86'], ['t', '5', '-500', '4500', '86'], ['t', '6', '3500', '4250', '86'], ['t', '7', '4000', '4000', '86'], ['t', '8', '4250', '3750', '86'], ['t', '9', '4400', '250', '86'], ['t', '10', '4000', '0', '86'], ['t', '11', '3800', '-250', '86']]
2020-07-21 18:10:13,026 90 degrees
2020-07-21 18:10:13,533 File name: /home/pi/RPi-Ardunio/Robot/RPiCode/Images/ca2020l072020200721-18:10:13.028182.jpg
2020-07-21 18:10:13,546 Calibration image file: /home/pi/RPi-Ardunio/Robot/RPiCode/Images/ca2020l072020200721-18:10:13.028182.jpg
2020-07-21 18:26:26,510 Calibration start
2020-07-21 18:26:26,512 Targets read and returned: [['r', '2000', '0'], ['t', '0', '-500', '-500', '86'], ['t', '1', '-0', '0', '86'], ['t', '2', '-750', '500', '86'], ['t', '3', '-250', '3500', '86'], ['t', '4', '0', '4000', '86'], ['t', '5', '-500', '4500', '86'], ['t', '6', '3500', '4250', '86'], ['t', '7', '4000', '4000', '86'], ['t', '8', '4250', '3750', '86'], ['t', '9', '4400', '250', '86'], ['t', '10', '4000', '0', '86'], ['t', '11', '3800', '-250', '86']]
2020-07-21 18:26:26,513 Targets from csv file: [['r', '2000', '0'], ['t', '0', '-500', '-500', '86'], ['t', '1', '-0', '0', '86'], ['t', '2', '-750', '500', '86'], ['t', '3', '-250', '3500', '86'], ['t', '4', '0', '4000', '86'], ['t', '5', '-500', '4500', '86'], ['t', '6', '3500', '4250', '86'], ['t', '7', '4000', '4000', '86'], ['t', '8', '4250', '3750', '86'], ['t', '9', '4400', '250', '86'], ['t', '10', '4000', '0', '86'], ['t', '11', '3800', '-250', '86']]
2020-07-21 18:26:28,688 90 degrees
2020-07-21 18:26:29,211 File name: /home/pi/RPi-Ardunio/Robot/RPiCode/Images/ca2020l072020200721-18:26:28.689223.jpg
2020-07-21 18:26:29,222 Calibration image file: /home/pi/RPi-Ardunio/Robot/RPiCode/Images/ca2020l072020200721-18:26:28.689223.jpg
2020-07-21 19:16:46,594 Calibration start
2020-07-21 19:16:46,598 Targets read and returned: [['r', '2000', '0'], ['t', '0', '-500', '-500', '86'], ['t', '1', '-0', '0', '86'], ['t', '2', '-750', '500', '86'], ['t', '3', '-250', '3500', '86'], ['t', '4', '0', '4000', '86'], ['t', '5', '-500', '4500', '86'], ['t', '6', '3500', '4250', '86'], ['t', '7', '4000', '4000', '86'], ['t', '8', '4250', '3750', '86'], ['t', '9', '4400', '250', '86'], ['t', '10', '4000', '0', '86'], ['t', '11', '3800', '-250', '86']]
2020-07-21 19:16:46,599 Targets from csv file: [['r', '2000', '0'], ['t', '0', '-500', '-500', '86'], ['t', '1', '-0', '0', '86'], ['t', '2', '-750', '500', '86'], ['t', '3', '-250', '3500', '86'], ['t', '4', '0', '4000', '86'], ['t', '5', '-500', '4500', '86'], ['t', '6', '3500', '4250', '86'], ['t', '7', '4000', '4000', '86'], ['t', '8', '4250', '3750', '86'], ['t', '9', '4400', '250', '86'], ['t', '10', '4000', '0', '86'], ['t', '11', '3800', '-250', '86']]
2020-07-21 19:16:48,791 90 degrees
2020-07-21 19:16:49,329 File name: /home/pi/RPi-Ardunio/Robot/RPiCode/Images/ca2020l072020200721-19:16:48.793145.jpg
2020-07-21 19:16:49,339 Calibration image file: /home/pi/RPi-Ardunio/Robot/RPiCode/Images/ca2020l072020200721-19:16:48.793145.jpg
2020-07-21 19:23:46,007 Calibration start
2020-07-21 19:23:46,010 Targets read and returned: [['r', '2000', '0'], ['t', '0', '-500', '-500', '86'], ['t', '1', '-0', '0', '86'], ['t', '2', '-750', '500', '86'], ['t', '3', '-250', '3500', '86'], ['t', '4', '0', '4000', '86'], ['t', '5', '-500', '4500', '86'], ['t', '6', '3500', '4250', '86'], ['t', '7', '4000', '4000', '86'], ['t', '8', '4250', '3750', '86'], ['t', '9', '4400', '250', '86'], ['t', '10', '4000', '0', '86'], ['t', '11', '3800', '-250', '86']]
2020-07-21 19:23:46,011 Targets from csv file: [['r', '2000', '0'], ['t', '0', '-500', '-500', '86'], ['t', '1', '-0', '0', '86'], ['t', '2', '-750', '500', '86'], ['t', '3', '-250', '3500', '86'], ['t', '4', '0', '4000', '86'], ['t', '5', '-500', '4500', '86'], ['t', '6', '3500', '4250', '86'], ['t', '7', '4000', '4000', '86'], ['t', '8', '4250', '3750', '86'], ['t', '9', '4400', '250', '86'], ['t', '10', '4000', '0', '86'], ['t', '11', '3800', '-250', '86']]
2020-07-21 19:23:48,195 90 degrees
2020-07-21 19:23:48,707 File name: /home/pi/RPi-Ardunio/Robot/RPiCode/Images/ca2020l072020200721-19:23:48.196763.jpg
2020-07-21 19:23:48,717 Calibration image file: /home/pi/RPi-Ardunio/Robot/RPiCode/Images/ca2020l072020200721-19:23:48.196763.jpg
2020-07-21 19:46:42,366 Calibration start
2020-07-21 19:46:42,369 Targets read and returned: [['r', '2000', '0'], ['t', '0', '-500', '-500', '86'], ['t', '1', '-0', '0', '86'], ['t', '2', '-750', '500', '86'], ['t', '3', '-250', '3500', '86'], ['t', '4', '0', '4000', '86'], ['t', '5', '-500', '4500', '86'], ['t', '6', '3500', '4250', '86'], ['t', '7', '4000', '4000', '86'], ['t', '8', '4250', '3750', '86'], ['t', '9', '4400', '250', '86'], ['t', '10', '4000', '0', '86'], ['t', '11', '3800', '-250', '86']]
2020-07-21 19:46:42,371 Targets from csv file: [['r', '2000', '0'], ['t', '0', '-500', '-500', '86'], ['t', '1', '-0', '0', '86'], ['t', '2', '-750', '500', '86'], ['t', '3', '-250', '3500', '86'], ['t', '4', '0', '4000', '86'], ['t', '5', '-500', '4500', '86'], ['t', '6', '3500', '4250', '86'], ['t', '7', '4000', '4000', '86'], ['t', '8', '4250', '3750', '86'], ['t', '9', '4400', '250', '86'], ['t', '10', '4000', '0', '86'], ['t', '11', '3800', '-250', '86']]
2020-07-21 19:46:44,566 90 degrees
2020-07-21 19:46:45,099 File name: /home/pi/RPi-Ardunio/Robot/RPiCode/Images/ca2020l072020200721-19:46:44.568288.jpg
2020-07-21 19:46:45,110 Calibration image file: /home/pi/RPi-Ardunio/Robot/RPiCode/Images/ca2020l072020200721-19:46:44.568288.jpg
2020-07-21 19:49:57,601 Calibration start
2020-07-21 19:49:57,604 Targets read and returned: [['r', '2000', '0'], ['t', '0', '-500', '-500', '86'], ['t', '1', '-0', '0', '86'], ['t', '2', '-750', '500', '86'], ['t', '3', '-250', '3500', '86'], ['t', '4', '0', '4000', '86'], ['t', '5', '-500', '4500', '86'], ['t', '6', '3500', '4250', '86'], ['t', '7', '4000', '4000', '86'], ['t', '8', '4250', '3750', '86'], ['t', '9', '4400', '250', '86'], ['t', '10', '4000', '0', '86'], ['t', '11', '3800', '-250', '86']]
2020-07-21 19:49:57,606 Targets from csv file: [['r', '2000', '0'], ['t', '0', '-500', '-500', '86'], ['t', '1', '-0', '0', '86'], ['t', '2', '-750', '500', '86'], ['t', '3', '-250', '3500', '86'], ['t', '4', '0', '4000', '86'], ['t', '5', '-500', '4500', '86'], ['t', '6', '3500', '4250', '86'], ['t', '7', '4000', '4000', '86'], ['t', '8', '4250', '3750', '86'], ['t', '9', '4400', '250', '86'], ['t', '10', '4000', '0', '86'], ['t', '11', '3800', '-250', '86']]
2020-07-21 19:49:59,792 90 degrees
2020-07-21 19:50:00,302 File name: /home/pi/RPi-Ardunio/Robot/RPiCode/Images/ca2020l072020200721-19:49:59.793504.jpg
2020-07-21 19:50:00,314 Calibration image file: /home/pi/RPi-Ardunio/Robot/RPiCode/Images/ca2020l072020200721-19:49:59.793504.jpg
2020-07-21 19:56:00,501 Calibration start
2020-07-21 19:56:00,505 Targets read and returned: [['r', '2000', '0'], ['t', '0', '-500', '-500', '86'], ['t', '1', '-0', '0', '86'], ['t', '2', '-750', '500', '86'], ['t', '3', '-250', '3500', '86'], ['t', '4', '0', '4000', '86'], ['t', '5', '-500', '4500', '86'], ['t', '6', '3500', '4250', '86'], ['t', '7', '4000', '4000', '86'], ['t', '8', '4250', '3750', '86'], ['t', '9', '4400', '250', '86'], ['t', '10', '4000', '0', '86'], ['t', '11', '3800', '-250', '86']]
2020-07-21 19:56:00,506 Targets from csv file: [['r', '2000', '0'], ['t', '0', '-500', '-500', '86'], ['t', '1', '-0', '0', '86'], ['t', '2', '-750', '500', '86'], ['t', '3', '-250', '3500', '86'], ['t', '4', '0', '4000', '86'], ['t', '5', '-500', '4500', '86'], ['t', '6', '3500', '4250', '86'], ['t', '7', '4000', '4000', '86'], ['t', '8', '4250', '3750', '86'], ['t', '9', '4400', '250', '86'], ['t', '10', '4000', '0', '86'], ['t', '11', '3800', '-250', '86']]
2020-07-21 19:57:02,945 Calibration start
2020-07-21 19:57:02,948 Targets read and returned: [['r', '2000', '0'], ['t', '0', '-500', '-500', '86'], ['t', '1', '-0', '0', '86'], ['t', '2', '-750', '500', '86'], ['t', '3', '-250', '3500', '86'], ['t', '4', '0', '4000', '86'], ['t', '5', '-500', '4500', '86'], ['t', '6', '3500', '4250', '86'], ['t', '7', '4000', '4000', '86'], ['t', '8', '4250', '3750', '86'], ['t', '9', '4400', '250', '86'], ['t', '10', '4000', '0', '86'], ['t', '11', '3800', '-250', '86']]
2020-07-21 19:57:02,949 Targets from csv file: [['r', '2000', '0'], ['t', '0', '-500', '-500', '86'], ['t', '1', '-0', '0', '86'], ['t', '2', '-750', '500', '86'], ['t', '3', '-250', '3500', '86'], ['t', '4', '0', '4000', '86'], ['t', '5', '-500', '4500', '86'], ['t', '6', '3500', '4250', '86'], ['t', '7', '4000', '4000', '86'], ['t', '8', '4250', '3750', '86'], ['t', '9', '4400', '250', '86'], ['t', '10', '4000', '0', '86'], ['t', '11', '3800', '-250', '86']]
2020-07-21 19:58:19,552 Calibration start
2020-07-21 19:58:19,555 Targets read and returned: [['r', '2000', '0'], ['t', '0', '-500', '-500', '86'], ['t', '1', '-0', '0', '86'], ['t', '2', '-750', '500', '86'], ['t', '3', '-250', '3500', '86'], ['t', '4', '0', '4000', '86'], ['t', '5', '-500', '4500', '86'], ['t', '6', '3500', '4250', '86'], ['t', '7', '4000', '4000', '86'], ['t', '8', '4250', '3750', '86'], ['t', '9', '4400', '250', '86'], ['t', '10', '4000', '0', '86'], ['t', '11', '3800', '-250', '86']]
2020-07-21 19:58:19,556 Targets from csv file: [['r', '2000', '0'], ['t', '0', '-500', '-500', '86'], ['t', '1', '-0', '0', '86'], ['t', '2', '-750', '500', '86'], ['t', '3', '-250', '3500', '86'], ['t', '4', '0', '4000', '86'], ['t', '5', '-500', '4500', '86'], ['t', '6', '3500', '4250', '86'], ['t', '7', '4000', '4000', '86'], ['t', '8', '4250', '3750', '86'], ['t', '9', '4400', '250', '86'], ['t', '10', '4000', '0', '86'], ['t', '11', '3800', '-250', '86']]
2020-07-21 19:58:21,741 90 degrees
2020-07-21 19:58:22,253 File name: /home/pi/RPi-Ardunio/Robot/RPiCode/Images/ca2020l072020200721-19:58:21.743304.jpg
2020-07-21 19:58:22,264 Calibration image file: /home/pi/RPi-Ardunio/Robot/RPiCode/Images/ca2020l072020200721-19:58:21.743304.jpg
2020-07-21 20:04:51,389 Calibration start
2020-07-21 20:04:51,391 Targets read and returned: [['r', '2000', '0'], ['t', '0', '-500', '-500', '86'], ['t', '1', '-0', '0', '86'], ['t', '2', '-750', '500', '86'], ['t', '3', '-250', '3500', '86'], ['t', '4', '0', '4000', '86'], ['t', '5', '-500', '4500', '86'], ['t', '6', '3500', '4250', '86'], ['t', '7', '4000', '4000', '86'], ['t', '8', '4250', '3750', '86'], ['t', '9', '4400', '250', '86'], ['t', '10', '4000', '0', '86'], ['t', '11', '3800', '-250', '86']]
2020-07-21 20:04:51,392 Targets from csv file: [['r', '2000', '0'], ['t', '0', '-500', '-500', '86'], ['t', '1', '-0', '0', '86'], ['t', '2', '-750', '500', '86'], ['t', '3', '-250', '3500', '86'], ['t', '4', '0', '4000', '86'], ['t', '5', '-500', '4500', '86'], ['t', '6', '3500', '4250', '86'], ['t', '7', '4000', '4000', '86'], ['t', '8', '4250', '3750', '86'], ['t', '9', '4400', '250', '86'], ['t', '10', '4000', '0', '86'], ['t', '11', '3800', '-250', '86']]
2020-07-21 20:04:53,577 90 degrees
2020-07-21 20:04:54,094 File name: /home/pi/RPi-Ardunio/Robot/RPiCode/Images/ca2020l072020200721-20:04:53.579274.jpg
2020-07-21 20:04:54,106 Calibration image file: /home/pi/RPi-Ardunio/Robot/RPiCode/Images/ca2020l072020200721-20:04:53.579274.jpg
2020-07-21 20:08:35,266 Calibration start
2020-07-21 20:08:35,280 Targets read and returned: [['r', '2000', '0'], ['t', '0', '-500', '-500', '86'], ['t', '1', '-0', '0', '86'], ['t', '2', '-750', '500', '86'], ['t', '3', '-250', '3500', '86'], ['t', '4', '0', '4000', '86'], ['t', '5', '-500', '4500', '86'], ['t', '6', '3500', '4250', '86'], ['t', '7', '4000', '4000', '86'], ['t', '8', '4250', '3750', '86'], ['t', '9', '4400', '250', '86'], ['t', '10', '4000', '0', '86'], ['t', '11', '3800', '-250', '86']]
2020-07-21 20:08:35,282 Targets from csv file: [['r', '2000', '0'], ['t', '0', '-500', '-500', '86'], ['t', '1', '-0', '0', '86'], ['t', '2', '-750', '500', '86'], ['t', '3', '-250', '3500', '86'], ['t', '4', '0', '4000', '86'], ['t', '5', '-500', '4500', '86'], ['t', '6', '3500', '4250', '86'], ['t', '7', '4000', '4000', '86'], ['t', '8', '4250', '3750', '86'], ['t', '9', '4400', '250', '86'], ['t', '10', '4000', '0', '86'], ['t', '11', '3800', '-250', '86']]
2020-07-21 20:08:37,508 90 degrees
2020-07-21 20:08:38,032 File name: /home/pi/RPi-Ardunio/Robot/RPiCode/Images/ca2020l072020200721-20:08:37.511115.jpg
2020-07-21 20:08:38,044 Calibration image file: /home/pi/RPi-Ardunio/Robot/RPiCode/Images/ca2020l072020200721-20:08:37.511115.jpg
2020-07-21 20:10:44,215 Calibration start
2020-07-21 20:10:44,218 Targets read and returned: [['r', '2000', '0'], ['t', '0', '-500', '-500', '86'], ['t', '1', '-0', '0', '86'], ['t', '2', '-750', '500', '86'], ['t', '3', '-250', '3500', '86'], ['t', '4', '0', '4000', '86'], ['t', '5', '-500', '4500', '86'], ['t', '6', '3500', '4250', '86'], ['t', '7', '4000', '4000', '86'], ['t', '8', '4250', '3750', '86'], ['t', '9', '4400', '250', '86'], ['t', '10', '4000', '0', '86'], ['t', '11', '3800', '-250', '86']]
2020-07-21 20:10:44,219 Targets from csv file: [['r', '2000', '0'], ['t', '0', '-500', '-500', '86'], ['t', '1', '-0', '0', '86'], ['t', '2', '-750', '500', '86'], ['t', '3', '-250', '3500', '86'], ['t', '4', '0', '4000', '86'], ['t', '5', '-500', '4500', '86'], ['t', '6', '3500', '4250', '86'], ['t', '7', '4000', '4000', '86'], ['t', '8', '4250', '3750', '86'], ['t', '9', '4400', '250', '86'], ['t', '10', '4000', '0', '86'], ['t', '11', '3800', '-250', '86']]
2020-07-21 20:15:04,254 Calibration start
2020-07-21 20:15:04,257 Targets read and returned: [['r', '2000', '1'], ['t', '0', '-500', '-500', '86'], ['t', '1', '-10', '1', '86'], ['t', '2', '-750', '500', '86'], ['t', '3', '-250', '3500', '86'], ['t', '4', '0', '4000', '86'], ['t', '5', '-500', '4500', '86'], ['t', '6', '3500', '4250', '86'], ['t', '7', '4000', '4000', '86'], ['t', '8', '4250', '3750', '86'], ['t', '9', '4400', '250', '86'], ['t', '10', '4000', '2', '86'], ['t', '11', '3800', '-250', '86']]
2020-07-21 20:15:04,258 Targets from csv file: [['r', '2000', '1'], ['t', '0', '-500', '-500', '86'], ['t', '1', '-10', '1', '86'], ['t', '2', '-750', '500', '86'], ['t', '3', '-250', '3500', '86'], ['t', '4', '0', '4000', '86'], ['t', '5', '-500', '4500', '86'], ['t', '6', '3500', '4250', '86'], ['t', '7', '4000', '4000', '86'], ['t', '8', '4250', '3750', '86'], ['t', '9', '4400', '250', '86'], ['t', '10', '4000', '2', '86'], ['t', '11', '3800', '-250', '86']]
2020-07-21 20:15:06,437 90 degrees
2020-07-21 20:15:06,954 File name: /home/pi/RPi-Ardunio/Robot/RPiCode/Images/ca2020l072020200721-20:15:06.439226.jpg
2020-07-21 20:15:06,965 Calibration image file: /home/pi/RPi-Ardunio/Robot/RPiCode/Images/ca2020l072020200721-20:15:06.439226.jpg
2020-07-21 20:18:38,137 Calibration start
2020-07-21 20:18:38,140 Targets read and returned: [['r', '2000', '1'], ['t', '0', '-500', '-500', '86'], ['t', '1', '-10', '1', '86'], ['t', '2', '-750', '500', '86'], ['t', '3', '-250', '3500', '86'], ['t', '4', '0', '4000', '86'], ['t', '5', '-500', '4500', '86'], ['t', '6', '3500', '4250', '86'], ['t', '7', '4000', '4000', '86'], ['t', '8', '4250', '3750', '86'], ['t', '9', '4400', '250', '86'], ['t', '10', '4000', '2', '86'], ['t', '11', '3800', '-250', '86']]
2020-07-21 20:18:38,141 Targets from csv file: [['r', '2000', '1'], ['t', '0', '-500', '-500', '86'], ['t', '1', '-10', '1', '86'], ['t', '2', '-750', '500', '86'], ['t', '3', '-250', '3500', '86'], ['t', '4', '0', '4000', '86'], ['t', '5', '-500', '4500', '86'], ['t', '6', '3500', '4250', '86'], ['t', '7', '4000', '4000', '86'], ['t', '8', '4250', '3750', '86'], ['t', '9', '4400', '250', '86'], ['t', '10', '4000', '2', '86'], ['t', '11', '3800', '-250', '86']]
2020-07-21 20:18:40,332 90 degrees
2020-07-21 20:18:40,873 File name: /home/pi/RPi-Ardunio/Robot/RPiCode/Images/ca2020l072020200721-20:18:40.333667.jpg
2020-07-21 20:18:40,883 Calibration image file: /home/pi/RPi-Ardunio/Robot/RPiCode/Images/ca2020l072020200721-20:18:40.333667.jpg
2020-07-21 20:29:19,331 Calibration start
2020-07-21 20:29:19,335 Targets read and returned: [['r', '2000', '1'], ['t', '0', '-500', '-500', '86'], ['t', '1', '-10', '1', '86'], ['t', '2', '-750', '500', '86'], ['t', '3', '-250', '3500', '86'], ['t', '4', '0', '4000', '86'], ['t', '5', '-500', '4500', '86'], ['t', '6', '3500', '4250', '86'], ['t', '7', '4000', '4000', '86'], ['t', '8', '4250', '3750', '86'], ['t', '9', '4400', '250', '86'], ['t', '10', '4000', '2', '86'], ['t', '11', '3800', '-250', '86']]
2020-07-21 20:29:19,337 Targets from csv file: [['r', '2000', '1'], ['t', '0', '-500', '-500', '86'], ['t', '1', '-10', '1', '86'], ['t', '2', '-750', '500', '86'], ['t', '3', '-250', '3500', '86'], ['t', '4', '0', '4000', '86'], ['t', '5', '-500', '4500', '86'], ['t', '6', '3500', '4250', '86'], ['t', '7', '4000', '4000', '86'], ['t', '8', '4250', '3750', '86'], ['t', '9', '4400', '250', '86'], ['t', '10', '4000', '2', '86'], ['t', '11', '3800', '-250', '86']]
2020-07-21 20:29:21,558 90 degrees
2020-07-21 20:29:22,097 File name: /home/pi/RPi-Ardunio/Robot/RPiCode/Images/ca2020l072020200721-20:29:21.560280.jpg
2020-07-21 20:29:22,108 Calibration image file: /home/pi/RPi-Ardunio/Robot/RPiCode/Images/ca2020l072020200721-20:29:21.560280.jpg
2020-07-21 20:35:22,398 Calibration start
2020-07-21 20:35:22,400 Targets read and returned: [['r', '2000', '1'], ['t', '0', '-500', '-500', '86'], ['t', '1', '-10', '1', '86'], ['t', '2', '-750', '500', '86'], ['t', '3', '-250', '3500', '86'], ['t', '4', '0', '4000', '86'], ['t', '5', '-500', '4500', '86'], ['t', '6', '3500', '4250', '86'], ['t', '7', '4000', '4000', '86'], ['t', '8', '4250', '3750', '86'], ['t', '9', '4400', '250', '86'], ['t', '10', '4000', '2', '86'], ['t', '11', '3800', '-250', '86']]
2020-07-21 20:35:22,402 Targets from csv file: [['r', '2000', '1'], ['t', '0', '-500', '-500', '86'], ['t', '1', '-10', '1', '86'], ['t', '2', '-750', '500', '86'], ['t', '3', '-250', '3500', '86'], ['t', '4', '0', '4000', '86'], ['t', '5', '-500', '4500', '86'], ['t', '6', '3500', '4250', '86'], ['t', '7', '4000', '4000', '86'], ['t', '8', '4250', '3750', '86'], ['t', '9', '4400', '250', '86'], ['t', '10', '4000', '2', '86'], ['t', '11', '3800', '-250', '86']]
2020-07-21 20:35:24,582 90 degrees
2020-07-21 20:35:25,098 File name: /home/pi/RPi-Ardunio/Robot/RPiCode/Images/ca2020l072020200721-20:35:24.583913.jpg
2020-07-21 20:35:25,109 Calibration image file: /home/pi/RPi-Ardunio/Robot/RPiCode/Images/ca2020l072020200721-20:35:24.583913.jpg
2020-07-21 20:38:02,500 Calibration start
2020-07-21 20:38:02,503 Targets read and returned: [['r', '2000', '1'], ['t', '0', '-500', '-500', '86'], ['t', '1', '-10', '1', '86'], ['t', '2', '-750', '500', '86'], ['t', '3', '-250', '3500', '86'], ['t', '4', '0', '4000', '86'], ['t', '5', '-500', '4500', '86'], ['t', '6', '3500', '4250', '86'], ['t', '7', '4000', '4000', '86'], ['t', '8', '4250', '3750', '86'], ['t', '9', '4400', '250', '86'], ['t', '10', '4000', '2', '86'], ['t', '11', '3800', '-250', '86']]
2020-07-21 20:38:02,505 Targets from csv file: [['r', '2000', '1'], ['t', '0', '-500', '-500', '86'], ['t', '1', '-10', '1', '86'], ['t', '2', '-750', '500', '86'], ['t', '3', '-250', '3500', '86'], ['t', '4', '0', '4000', '86'], ['t', '5', '-500', '4500', '86'], ['t', '6', '3500', '4250', '86'], ['t', '7', '4000', '4000', '86'], ['t', '8', '4250', '3750', '86'], ['t', '9', '4400', '250', '86'], ['t', '10', '4000', '2', '86'], ['t', '11', '3800', '-250', '86']]
2020-07-21 20:38:04,701 90 degrees
2020-07-21 20:38:05,233 File name: /home/pi/RPi-Ardunio/Robot/RPiCode/Images/ca2020l072020200721-20:38:04.702645.jpg
2020-07-21 20:38:05,244 Calibration image file: /home/pi/RPi-Ardunio/Robot/RPiCode/Images/ca2020l072020200721-20:38:04.702645.jpg
